#
# There is insufficient memory for the Java Runtime Environment to continue.
# Native memory allocation (mmap) failed to map 38797312 bytes for Failed to commit area from 0x00000000e6d00000 to 0x00000000e9200000 of length 38797312.
# Possible reasons:
#   The system is out of physical RAM or swap space
#   The process is running with CompressedOops enabled, and the Java Heap may be blocking the growth of the native heap
# Possible solutions:
#   Reduce memory load on the system
#   Increase physical memory or swap space
#   Check if swap backing store is full
#   Decrease Java heap size (-Xmx/-Xms)
#   Decrease number of Java threads
#   Decrease Java thread stack sizes (-Xss)
#   Set larger code cache with -XX:ReservedCodeCacheSize=
#   JVM is running with Unscaled Compressed Oops mode in which the Java heap is
#     placed in the first 4GB address space. The Java Heap base address is the
#     maximum limit for the native heap growth. Please use -XX:HeapBaseMinAddress
#     to set the Java Heap base and to place the Java Heap above 4GB virtual address.
# This output file may be truncated or incomplete.
#
#  Out of Memory Error (./src/hotspot/os/windows/os_windows.cpp:3311), pid=94872, tid=95020
#
# JRE version: OpenJDK Runtime Environment Temurin-11.0.12+7 (11.0.12+7) (build 11.0.12+7)
# Java VM: OpenJDK 64-Bit Server VM Temurin-11.0.12+7 (11.0.12+7, mixed mode, tiered, compressed oops, g1 gc, windows-amd64)
# No core dump will be written. Minidumps are not enabled by default on client versions of Windows
#

---------------  S U M M A R Y ------------

Command Line: -Xms64m -Xmx512m -Dapp.name=ltex-ls -Dapp.repo=c:\Users\evely\.vscode\extensions\valentjn.vscode-ltex-13.1.0\lib\ltex-ls-15.2.0\lib -Dapp.home=c:\Users\evely\.vscode\extensions\valentjn.vscode-ltex-13.1.0\lib\ltex-ls-15.2.0 -Dbasedir=c:\Users\evely\.vscode\extensions\valentjn.vscode-ltex-13.1.0\lib\ltex-ls-15.2.0 org.bsplines.ltexls.LtexLanguageServerLauncher

Host: AMD 3020e with Radeon Graphics                 , 2 cores, 3G,  Windows 10 , 64 bit Build 22621 (10.0.22621.1778)
Time: Tue Jul 11 01:09:34 2023 South Africa Standard Time elapsed time: 81.316119 seconds (0d 0h 1m 21s)

---------------  T H R E A D  ---------------

Current thread (0x0000025a52396800):  VMThread "VM Thread" [stack: 0x0000007521300000,0x0000007521400000] [id=95020]

Stack: [0x0000007521300000,0x0000007521400000]
[error occurred during error reporting (printing stack bounds), id 0xc0000005, EXCEPTION_ACCESS_VIOLATION (0xc0000005) at pc=0x0000025a4003112d]

Native frames: (J=compiled Java code, j=interpreted, Vv=VM code, C=native code)
V  [jvm.dll+0x601d0a]
V  [jvm.dll+0x78ab6e]
V  [jvm.dll+0x78c23f]
V  [jvm.dll+0x78c865]
V  [jvm.dll+0x78c81b]
V  [jvm.dll+0x6011f3]
V  [jvm.dll+0x601908]
C  [ntdll.dll+0xa3cff]
C  [ntdll.dll+0x1e456]
C  [ntdll.dll+0xa2cee]
C  0x0000025a4003112d

VM_Operation (0x0000007520dfb610): G1CollectForAllocation, mode: safepoint, requested by thread 0x0000025a56d63800


---------------  P R O C E S S  ---------------

Threads class SMR info:
_java_thread_list=0x0000025a56dc3bb0, length=11, elements={
0x0000025a3d6d9800, 0x0000025a523c5000, 0x0000025a523d1000, 0x0000025a523e2000,
0x0000025a523e3000, 0x0000025a523e4000, 0x0000025a523e6000, 0x0000025a52441800,
0x0000025a5244a800, 0x0000025a52dae800, 0x0000025a56d63800
}

Java Threads: ( => current thread )
  0x0000025a3d6d9800 JavaThread "main" [_thread_blocked, id=27760, stack(0x0000007520c00000,0x0000007520d00000)]
  0x0000025a523c5000 JavaThread "Reference Handler" daemon [_thread_blocked, id=95064, stack(0x0000007521400000,0x0000007521500000)]
  0x0000025a523d1000 JavaThread "Finalizer" daemon [_thread_blocked, id=3140, stack(0x0000007521500000,0x0000007521600000)]
  0x0000025a523e2000 JavaThread "Signal Dispatcher" daemon [_thread_blocked, id=94940, stack(0x0000007521600000,0x0000007521700000)]
  0x0000025a523e3000 JavaThread "Attach Listener" daemon [_thread_blocked, id=95060, stack(0x0000007521700000,0x0000007521800000)]
  0x0000025a523e4000 JavaThread "Service Thread" daemon [_thread_blocked, id=92936, stack(0x0000007521800000,0x0000007521900000)]
  0x0000025a523e6000 JavaThread "C2 CompilerThread0" daemon [_thread_blocked, id=93312, stack(0x0000007521900000,0x0000007521a00000)]
  0x0000025a52441800 JavaThread "C1 CompilerThread0" daemon [_thread_blocked, id=91500, stack(0x0000007521a00000,0x0000007521b00000)]
  0x0000025a5244a800 JavaThread "Sweeper thread" daemon [_thread_blocked, id=84860, stack(0x0000007521b00000,0x0000007521c00000)]
  0x0000025a52dae800 JavaThread "Common-Cleaner" daemon [_thread_blocked, id=93752, stack(0x0000007521d00000,0x0000007521e00000)]
  0x0000025a56d63800 JavaThread "pool-2-thread-1" [_thread_blocked, id=61520, stack(0x0000007520d00000,0x0000007520e00000)]

Other Threads:
=>0x0000025a52396800 VMThread "VM Thread" [stack: 0x0000007521300000,0x0000007521400000] [id=95020]
  0x0000025a52fb8800 WatcherThread [stack: 0x0000007521c00000,0x0000007521d00000] [id=93460]
  0x0000025a3d6f4000 GCTaskThread "GC Thread#0" [stack: 0x0000007520e00000,0x0000007520f00000] [id=87260]
  0x0000025a53055800 GCTaskThread "GC Thread#1" [stack: 0x0000007521e00000,0x0000007521f00000] [id=71596]
  0x0000025a3d704000 ConcurrentGCThread "G1 Main Marker" [stack: 0x0000007520f00000,0x0000007521000000] [id=92064]
  0x0000025a3d707800 ConcurrentGCThread "G1 Conc#0" [stack: 0x0000007521000000,0x0000007521100000] [id=93812]
  0x0000025a3d754800 ConcurrentGCThread "G1 Refine#0" [stack: 0x0000007521100000,0x0000007521200000] [id=94404]
  0x0000025a56b45800 ConcurrentGCThread "G1 Refine#1" [stack: 0x0000007520b00000,0x0000007520c00000] [id=88500]
  0x0000025a3d758000 ConcurrentGCThread "G1 Young RemSet Sampling" [stack: 0x0000007521200000,0x0000007521300000] [id=90524]

Threads with active compile tasks:
C1 CompilerThread0  81379 3218       3       java.util.Properties$LineReader::readLine (635 bytes)

VM state:at safepoint (normal execution)

VM Mutex/Monitor currently owned by a thread:  ([mutex/lock_event])
[0x0000025a3d6d6740] Threads_lock - owner thread: 0x0000025a52396800
[0x0000025a3d6d5a50] Heap_lock - owner thread: 0x0000025a56d63800

Heap address: 0x00000000e0000000, size: 512 MB, Compressed Oops mode: 32-bit
Narrow klass base: 0x0000000000000000, Narrow klass shift: 3
Compressed class space size: 1073741824 Address: 0x0000000100000000

Heap:
 garbage-first heap   total 149504K, used 78659K [0x00000000e0000000, 0x0000000100000000)
  region size 1024K, 1 young (1024K), 1 survivors (1024K)
 Metaspace       used 23978K, capacity 24366K, committed 24448K, reserved 1071104K
  class space    used 2498K, capacity 2659K, committed 2688K, reserved 1048576K
Heap Regions: E=young(eden), S=young(survivor), O=old, HS=humongous(starts), HC=humongous(continues), CS=collection set, F=free, A=archive, TAMS=top-at-mark-start (previous, next)
|   0|0x00000000e0000000, 0x00000000e0100000, 0x00000000e0100000|100%| O|  |TAMS 0x00000000e0100000, 0x00000000e0100000| Untracked 
|   1|0x00000000e0100000, 0x00000000e0200000, 0x00000000e0200000|100%| O|  |TAMS 0x00000000e0200000, 0x00000000e0200000| Untracked 
|   2|0x00000000e0200000, 0x00000000e0300000, 0x00000000e0300000|100%| O|  |TAMS 0x00000000e0300000, 0x00000000e0300000| Untracked 
|   3|0x00000000e0300000, 0x00000000e0400000, 0x00000000e0400000|100%| O|  |TAMS 0x00000000e0400000, 0x00000000e0400000| Untracked 
|   4|0x00000000e0400000, 0x00000000e0500000, 0x00000000e0500000|100%| O|  |TAMS 0x00000000e0500000, 0x00000000e0500000| Untracked 
|   5|0x00000000e0500000, 0x00000000e0600000, 0x00000000e0600000|100%| O|  |TAMS 0x00000000e0600000, 0x00000000e0600000| Untracked 
|   6|0x00000000e0600000, 0x00000000e0700000, 0x00000000e0700000|100%| O|  |TAMS 0x00000000e0700000, 0x00000000e0700000| Untracked 
|   7|0x00000000e0700000, 0x00000000e0800000, 0x00000000e0800000|100%| O|  |TAMS 0x00000000e0800000, 0x00000000e0800000| Untracked 
|   8|0x00000000e0800000, 0x00000000e0900000, 0x00000000e0900000|100%| O|  |TAMS 0x00000000e0900000, 0x00000000e0900000| Untracked 
|   9|0x00000000e0900000, 0x00000000e0a00000, 0x00000000e0a00000|100%| O|  |TAMS 0x00000000e0a00000, 0x00000000e0a00000| Untracked 
|  10|0x00000000e0a00000, 0x00000000e0b00000, 0x00000000e0b00000|100%| O|  |TAMS 0x00000000e0b00000, 0x00000000e0b00000| Untracked 
|  11|0x00000000e0b00000, 0x00000000e0c00000, 0x00000000e0c00000|100%| O|  |TAMS 0x00000000e0c00000, 0x00000000e0c00000| Untracked 
|  12|0x00000000e0c00000, 0x00000000e0d00000, 0x00000000e0d00000|100%| O|  |TAMS 0x00000000e0d00000, 0x00000000e0d00000| Untracked 
|  13|0x00000000e0d00000, 0x00000000e0e00000, 0x00000000e0e00000|100%| O|  |TAMS 0x00000000e0e00000, 0x00000000e0e00000| Untracked 
|  14|0x00000000e0e00000, 0x00000000e0f00000, 0x00000000e0f00000|100%| O|  |TAMS 0x00000000e0f00000, 0x00000000e0f00000| Untracked 
|  15|0x00000000e0f00000, 0x00000000e1000000, 0x00000000e1000000|100%| O|  |TAMS 0x00000000e1000000, 0x00000000e1000000| Untracked 
|  16|0x00000000e1000000, 0x00000000e1100000, 0x00000000e1100000|100%| O|  |TAMS 0x00000000e1100000, 0x00000000e1100000| Untracked 
|  17|0x00000000e1100000, 0x00000000e1200000, 0x00000000e1200000|100%| O|  |TAMS 0x00000000e1200000, 0x00000000e1200000| Untracked 
|  18|0x00000000e1200000, 0x00000000e1300000, 0x00000000e1300000|100%| O|  |TAMS 0x00000000e1300000, 0x00000000e1300000| Untracked 
|  19|0x00000000e1300000, 0x00000000e1400000, 0x00000000e1400000|100%| O|  |TAMS 0x00000000e1400000, 0x00000000e1400000| Untracked 
|  20|0x00000000e1400000, 0x00000000e1500000, 0x00000000e1500000|100%| O|  |TAMS 0x00000000e1500000, 0x00000000e1500000| Untracked 
|  21|0x00000000e1500000, 0x00000000e1600000, 0x00000000e1600000|100%| O|  |TAMS 0x00000000e1600000, 0x00000000e1600000| Untracked 
|  22|0x00000000e1600000, 0x00000000e1700000, 0x00000000e1700000|100%| O|  |TAMS 0x00000000e1700000, 0x00000000e1700000| Untracked 
|  23|0x00000000e1700000, 0x00000000e1800000, 0x00000000e1800000|100%|HS|  |TAMS 0x00000000e1800000, 0x00000000e1800000| Complete 
|  24|0x00000000e1800000, 0x00000000e1900000, 0x00000000e1900000|100%| O|  |TAMS 0x00000000e1900000, 0x00000000e1900000| Untracked 
|  25|0x00000000e1900000, 0x00000000e1a00000, 0x00000000e1a00000|100%| O|  |TAMS 0x00000000e1a00000, 0x00000000e1a00000| Untracked 
|  26|0x00000000e1a00000, 0x00000000e1b00000, 0x00000000e1b00000|100%| O|  |TAMS 0x00000000e1b00000, 0x00000000e1b00000| Untracked 
|  27|0x00000000e1b00000, 0x00000000e1c00000, 0x00000000e1c00000|100%| O|  |TAMS 0x00000000e1c00000, 0x00000000e1c00000| Untracked 
|  28|0x00000000e1c00000, 0x00000000e1d00000, 0x00000000e1d00000|100%| O|  |TAMS 0x00000000e1d00000, 0x00000000e1d00000| Untracked 
|  29|0x00000000e1d00000, 0x00000000e1e00000, 0x00000000e1e00000|100%| O|  |TAMS 0x00000000e1e00000, 0x00000000e1e00000| Untracked 
|  30|0x00000000e1e00000, 0x00000000e1f00000, 0x00000000e1f00000|100%| O|  |TAMS 0x00000000e1f00000, 0x00000000e1f00000| Untracked 
|  31|0x00000000e1f00000, 0x00000000e2000000, 0x00000000e2000000|100%| O|  |TAMS 0x00000000e2000000, 0x00000000e2000000| Untracked 
|  32|0x00000000e2000000, 0x00000000e2100000, 0x00000000e2100000|100%| O|  |TAMS 0x00000000e2100000, 0x00000000e2100000| Untracked 
|  33|0x00000000e2100000, 0x00000000e2200000, 0x00000000e2200000|100%| O|  |TAMS 0x00000000e2200000, 0x00000000e2200000| Untracked 
|  34|0x00000000e2200000, 0x00000000e2300000, 0x00000000e2300000|100%| O|  |TAMS 0x00000000e2300000, 0x00000000e2300000| Untracked 
|  35|0x00000000e2300000, 0x00000000e2400000, 0x00000000e2400000|100%| O|  |TAMS 0x00000000e2400000, 0x00000000e2400000| Untracked 
|  36|0x00000000e2400000, 0x00000000e2500000, 0x00000000e2500000|100%| O|  |TAMS 0x00000000e2500000, 0x00000000e2500000| Untracked 
|  37|0x00000000e2500000, 0x00000000e2600000, 0x00000000e2600000|100%| O|  |TAMS 0x00000000e2600000, 0x00000000e2600000| Untracked 
|  38|0x00000000e2600000, 0x00000000e2700000, 0x00000000e2700000|100%| O|  |TAMS 0x00000000e2700000, 0x00000000e2700000| Untracked 
|  39|0x00000000e2700000, 0x00000000e2800000, 0x00000000e2800000|100%| O|  |TAMS 0x00000000e2800000, 0x00000000e2800000| Untracked 
|  40|0x00000000e2800000, 0x00000000e2900000, 0x00000000e2900000|100%| O|  |TAMS 0x00000000e2900000, 0x00000000e2900000| Untracked 
|  41|0x00000000e2900000, 0x00000000e2a00000, 0x00000000e2a00000|100%| O|  |TAMS 0x00000000e2a00000, 0x00000000e2a00000| Untracked 
|  42|0x00000000e2a00000, 0x00000000e2b00000, 0x00000000e2b00000|100%| O|  |TAMS 0x00000000e2b00000, 0x00000000e2b00000| Untracked 
|  43|0x00000000e2b00000, 0x00000000e2c00000, 0x00000000e2c00000|100%| O|  |TAMS 0x00000000e2c00000, 0x00000000e2c00000| Untracked 
|  44|0x00000000e2c00000, 0x00000000e2d00000, 0x00000000e2d00000|100%| O|  |TAMS 0x00000000e2d00000, 0x00000000e2d00000| Untracked 
|  45|0x00000000e2d00000, 0x00000000e2e00000, 0x00000000e2e00000|100%| O|  |TAMS 0x00000000e2e00000, 0x00000000e2e00000| Untracked 
|  46|0x00000000e2e00000, 0x00000000e2f00000, 0x00000000e2f00000|100%| O|  |TAMS 0x00000000e2f00000, 0x00000000e2f00000| Untracked 
|  47|0x00000000e2f00000, 0x00000000e3000000, 0x00000000e3000000|100%| O|  |TAMS 0x00000000e3000000, 0x00000000e3000000| Untracked 
|  48|0x00000000e3000000, 0x00000000e3100000, 0x00000000e3100000|100%| O|  |TAMS 0x00000000e3100000, 0x00000000e3100000| Untracked 
|  49|0x00000000e3100000, 0x00000000e3200000, 0x00000000e3200000|100%| O|  |TAMS 0x00000000e3200000, 0x00000000e3200000| Untracked 
|  50|0x00000000e3200000, 0x00000000e3300000, 0x00000000e3300000|100%| O|  |TAMS 0x00000000e3300000, 0x00000000e3300000| Untracked 
|  51|0x00000000e3300000, 0x00000000e3400000, 0x00000000e3400000|100%| O|  |TAMS 0x00000000e3400000, 0x00000000e3400000| Untracked 
|  52|0x00000000e3400000, 0x00000000e3500000, 0x00000000e3500000|100%| O|  |TAMS 0x00000000e3500000, 0x00000000e3500000| Untracked 
|  53|0x00000000e3500000, 0x00000000e3600000, 0x00000000e3600000|100%| O|  |TAMS 0x00000000e3600000, 0x00000000e3600000| Untracked 
|  54|0x00000000e3600000, 0x00000000e3700000, 0x00000000e3700000|100%| O|  |TAMS 0x00000000e3700000, 0x00000000e3700000| Untracked 
|  55|0x00000000e3700000, 0x00000000e3800000, 0x00000000e3800000|100%| O|  |TAMS 0x00000000e3800000, 0x00000000e3800000| Untracked 
|  56|0x00000000e3800000, 0x00000000e3900000, 0x00000000e3900000|100%| O|  |TAMS 0x00000000e3900000, 0x00000000e3900000| Untracked 
|  57|0x00000000e3900000, 0x00000000e3a00000, 0x00000000e3a00000|100%| O|  |TAMS 0x00000000e3a00000, 0x00000000e3a00000| Untracked 
|  58|0x00000000e3a00000, 0x00000000e3b00000, 0x00000000e3b00000|100%| O|  |TAMS 0x00000000e3b00000, 0x00000000e3b00000| Untracked 
|  59|0x00000000e3b00000, 0x00000000e3c00000, 0x00000000e3c00000|100%| O|  |TAMS 0x00000000e3c00000, 0x00000000e3c00000| Untracked 
|  60|0x00000000e3c00000, 0x00000000e3d00000, 0x00000000e3d00000|100%| O|  |TAMS 0x00000000e3d00000, 0x00000000e3d00000| Untracked 
|  61|0x00000000e3d00000, 0x00000000e3e00000, 0x00000000e3e00000|100%| O|  |TAMS 0x00000000e3e00000, 0x00000000e3e00000| Untracked 
|  62|0x00000000e3e00000, 0x00000000e3f00000, 0x00000000e3f00000|100%| O|  |TAMS 0x00000000e3f00000, 0x00000000e3f00000| Untracked 
|  63|0x00000000e3f00000, 0x00000000e4000000, 0x00000000e4000000|100%| O|  |TAMS 0x00000000e4000000, 0x00000000e4000000| Untracked 
|  64|0x00000000e4000000, 0x00000000e4100000, 0x00000000e4100000|100%| O|  |TAMS 0x00000000e4100000, 0x00000000e4100000| Untracked 
|  65|0x00000000e4100000, 0x00000000e4200000, 0x00000000e4200000|100%| O|  |TAMS 0x00000000e4174800, 0x00000000e4200000| Untracked 
|  66|0x00000000e4200000, 0x00000000e4300000, 0x00000000e4300000|100%| O|  |TAMS 0x00000000e4200000, 0x00000000e4300000| Untracked 
|  67|0x00000000e4300000, 0x00000000e4400000, 0x00000000e4400000|100%| O|  |TAMS 0x00000000e4300000, 0x00000000e4400000| Untracked 
|  68|0x00000000e4400000, 0x00000000e4500000, 0x00000000e4500000|100%| O|  |TAMS 0x00000000e4400000, 0x00000000e4500000| Untracked 
|  69|0x00000000e4500000, 0x00000000e4600000, 0x00000000e4600000|100%| O|  |TAMS 0x00000000e4500000, 0x00000000e4600000| Untracked 
|  70|0x00000000e4600000, 0x00000000e4700000, 0x00000000e4700000|100%| O|  |TAMS 0x00000000e4600000, 0x00000000e4700000| Untracked 
|  71|0x00000000e4700000, 0x00000000e4800000, 0x00000000e4800000|100%| O|  |TAMS 0x00000000e4700000, 0x00000000e4800000| Untracked 
|  72|0x00000000e4800000, 0x00000000e4900000, 0x00000000e4900000|100%| O|  |TAMS 0x00000000e4800000, 0x00000000e4900000| Untracked 
|  73|0x00000000e4900000, 0x00000000e4a00000, 0x00000000e4a00000|100%| O|  |TAMS 0x00000000e4900000, 0x00000000e4a00000| Untracked 
|  74|0x00000000e4a00000, 0x00000000e4b00000, 0x00000000e4b00000|100%| O|  |TAMS 0x00000000e4a00000, 0x00000000e4b00000| Untracked 
|  75|0x00000000e4b00000, 0x00000000e4c00000, 0x00000000e4c00000|100%| O|  |TAMS 0x00000000e4b00000, 0x00000000e4c00000| Untracked 
|  76|0x00000000e4c00000, 0x00000000e4c00000, 0x00000000e4d00000|  0%| F|  |TAMS 0x00000000e4c00000, 0x00000000e4c00000| Untracked 
|  77|0x00000000e4d00000, 0x00000000e4d00000, 0x00000000e4e00000|  0%| F|  |TAMS 0x00000000e4d00000, 0x00000000e4d00000| Untracked 
|  78|0x00000000e4e00000, 0x00000000e4e00000, 0x00000000e4f00000|  0%| F|  |TAMS 0x00000000e4e00000, 0x00000000e4e00000| Untracked 
|  79|0x00000000e4f00000, 0x00000000e4f00000, 0x00000000e5000000|  0%| F|  |TAMS 0x00000000e4f00000, 0x00000000e4f00000| Untracked 
|  80|0x00000000e5000000, 0x00000000e5000000, 0x00000000e5100000|  0%| F|  |TAMS 0x00000000e5000000, 0x00000000e5000000| Untracked 
|  81|0x00000000e5100000, 0x00000000e5100000, 0x00000000e5200000|  0%| F|  |TAMS 0x00000000e5100000, 0x00000000e5100000| Untracked 
|  82|0x00000000e5200000, 0x00000000e5200000, 0x00000000e5300000|  0%| F|  |TAMS 0x00000000e5200000, 0x00000000e5200000| Untracked 
|  83|0x00000000e5300000, 0x00000000e5300000, 0x00000000e5400000|  0%| F|  |TAMS 0x00000000e5300000, 0x00000000e5300000| Untracked 
|  84|0x00000000e5400000, 0x00000000e5400000, 0x00000000e5500000|  0%| F|  |TAMS 0x00000000e5400000, 0x00000000e5400000| Untracked 
|  85|0x00000000e5500000, 0x00000000e5500000, 0x00000000e5600000|  0%| F|  |TAMS 0x00000000e5500000, 0x00000000e5500000| Untracked 
|  86|0x00000000e5600000, 0x00000000e5600000, 0x00000000e5700000|  0%| F|  |TAMS 0x00000000e5600000, 0x00000000e5600000| Untracked 
|  87|0x00000000e5700000, 0x00000000e5700000, 0x00000000e5800000|  0%| F|  |TAMS 0x00000000e5700000, 0x00000000e5700000| Untracked 
|  88|0x00000000e5800000, 0x00000000e5800000, 0x00000000e5900000|  0%| F|  |TAMS 0x00000000e5800000, 0x00000000e5800000| Untracked 
|  89|0x00000000e5900000, 0x00000000e5900000, 0x00000000e5a00000|  0%| F|  |TAMS 0x00000000e5900000, 0x00000000e5900000| Untracked 
|  90|0x00000000e5a00000, 0x00000000e5a00000, 0x00000000e5b00000|  0%| F|  |TAMS 0x00000000e5a00000, 0x00000000e5a00000| Untracked 
|  91|0x00000000e5b00000, 0x00000000e5b00000, 0x00000000e5c00000|  0%| F|  |TAMS 0x00000000e5b00000, 0x00000000e5b00000| Untracked 
|  92|0x00000000e5c00000, 0x00000000e5c00000, 0x00000000e5d00000|  0%| F|  |TAMS 0x00000000e5c00000, 0x00000000e5c00000| Untracked 
|  93|0x00000000e5d00000, 0x00000000e5d00000, 0x00000000e5e00000|  0%| F|  |TAMS 0x00000000e5d00000, 0x00000000e5d00000| Untracked 
|  94|0x00000000e5e00000, 0x00000000e5e00000, 0x00000000e5f00000|  0%| F|  |TAMS 0x00000000e5e00000, 0x00000000e5e00000| Untracked 
|  95|0x00000000e5f00000, 0x00000000e5f00000, 0x00000000e6000000|  0%| F|  |TAMS 0x00000000e5f00000, 0x00000000e5f00000| Untracked 
|  96|0x00000000e6000000, 0x00000000e6000000, 0x00000000e6100000|  0%| F|  |TAMS 0x00000000e6000000, 0x00000000e6000000| Untracked 
|  97|0x00000000e6100000, 0x00000000e6100000, 0x00000000e6200000|  0%| F|  |TAMS 0x00000000e6100000, 0x00000000e6100000| Untracked 
|  98|0x00000000e6200000, 0x00000000e6200000, 0x00000000e6300000|  0%| F|  |TAMS 0x00000000e6200000, 0x00000000e6200000| Untracked 
|  99|0x00000000e6300000, 0x00000000e63d0d20, 0x00000000e6400000| 81%| S|CS|TAMS 0x00000000e6300000, 0x00000000e6300000| Complete 
| 100|0x00000000e6400000, 0x00000000e6400000, 0x00000000e6500000|  0%| F|  |TAMS 0x00000000e6400000, 0x00000000e6400000| Untracked 
| 101|0x00000000e6500000, 0x00000000e6500000, 0x00000000e6600000|  0%| F|  |TAMS 0x00000000e6500000, 0x00000000e6500000| Untracked 
| 102|0x00000000e6600000, 0x00000000e6600000, 0x00000000e6700000|  0%| F|  |TAMS 0x00000000e6600000, 0x00000000e6600000| Untracked 
| 103|0x00000000e6700000, 0x00000000e6700000, 0x00000000e6800000|  0%| F|  |TAMS 0x00000000e6700000, 0x00000000e6700000| Untracked 
| 104|0x00000000e6800000, 0x00000000e6800000, 0x00000000e6900000|  0%| F|  |TAMS 0x00000000e6800000, 0x00000000e6800000| Untracked 
| 105|0x00000000e6900000, 0x00000000e6900000, 0x00000000e6a00000|  0%| F|  |TAMS 0x00000000e6900000, 0x00000000e6900000| Untracked 
| 106|0x00000000e6a00000, 0x00000000e6a00000, 0x00000000e6b00000|  0%| F|  |TAMS 0x00000000e6a00000, 0x00000000e6a00000| Untracked 
| 107|0x00000000e6b00000, 0x00000000e6b00000, 0x00000000e6c00000|  0%| F|  |TAMS 0x00000000e6b00000, 0x00000000e6b00000| Untracked 
| 108|0x00000000e6c00000, 0x00000000e6c00000, 0x00000000e6d00000|  0%| F|  |TAMS 0x00000000e6c00000, 0x00000000e6c00000| Untracked 

Card table byte_map: [0x0000025a3d3b0000,0x0000025a3d4b0000] _byte_map_base: 0x0000025a3ccb0000

Marking Bits (Prev, Next): (CMBitMap*) 0x0000025a3d701350, (CMBitMap*) 0x0000025a3d701318
 Prev Bits: [0x0000025a4f830000, 0x0000025a50030000)
 Next Bits: [0x0000025a4f030000, 0x0000025a4f830000)

Polling page: 0x0000025a3b6d0000

Metaspace:

Usage:
  Non-class:     21.20 MB capacity,    20.98 MB ( 99%) used,   185.38 KB ( <1%) free+waste,    42.13 KB ( <1%) overhead. 
      Class:      2.60 MB capacity,     2.44 MB ( 94%) used,   142.85 KB (  5%) free+waste,    17.50 KB ( <1%) overhead. 
       Both:     23.79 MB capacity,    23.42 MB ( 98%) used,   328.23 KB (  1%) free+waste,    59.63 KB ( <1%) overhead. 

Virtual space:
  Non-class space:       22.00 MB reserved,      21.25 MB ( 97%) committed 
      Class space:        1.00 GB reserved,       2.63 MB ( <1%) committed 
             Both:        1.02 GB reserved,      23.88 MB (  2%) committed 

Chunk freelists:
   Non-Class:  53.00 KB
       Class:  29.00 KB
        Both:  82.00 KB

MaxMetaspaceSize: 17179869184.00 GB
CompressedClassSpaceSize: 1.00 GB
Initial GC threshold: 20.80 MB
Current GC threshold: 36.46 MB
CDS: off

CodeHeap 'non-profiled nmethods': size=120064Kb used=3089Kb max_used=3089Kb free=116974Kb
 bounds [0x0000025a47af0000, 0x0000025a47e00000, 0x0000025a4f030000]
CodeHeap 'profiled nmethods': size=120000Kb used=7553Kb max_used=7553Kb free=112446Kb
 bounds [0x0000025a405c0000, 0x0000025a40d30000, 0x0000025a47af0000]
CodeHeap 'non-nmethods': size=5696Kb used=1227Kb max_used=1265Kb free=4468Kb
 bounds [0x0000025a40030000, 0x0000025a402a0000, 0x0000025a405c0000]
 total_blobs=3609 nmethods=3113 adapters=408
 compilation: enabled
              stopped_count=0, restarted_count=0
 full_count=0

Compilation events (20 events):
Event: 81.269 Thread 0x0000025a52441800 nmethod 3209 0x0000025a40d12e10 code [0x0000025a40d12fe0, 0x0000025a40d132c8]
Event: 81.269 Thread 0x0000025a52441800 3210       3       java.lang.reflect.Modifier::isFinal (13 bytes)
Event: 81.269 Thread 0x0000025a52441800 nmethod 3210 0x0000025a40d13410 code [0x0000025a40d135c0, 0x0000025a40d136f8]
Event: 81.269 Thread 0x0000025a52441800 3208       3       java.lang.reflect.ReflectAccess::getRoot (5 bytes)
Event: 81.270 Thread 0x0000025a52441800 nmethod 3208 0x0000025a40d13790 code [0x0000025a40d13940, 0x0000025a40d13b08]
Event: 81.270 Thread 0x0000025a52441800 3211       3       jdk.internal.reflect.ConstructorAccessorImpl::<init> (5 bytes)
Event: 81.270 Thread 0x0000025a52441800 nmethod 3211 0x0000025a40d13c10 code [0x0000025a40d13dc0, 0x0000025a40d13f78]
Event: 81.270 Thread 0x0000025a52441800 3213       3       com.google.gson.stream.JsonReader::nextNonWhitespace (354 bytes)
Event: 81.273 Thread 0x0000025a52441800 nmethod 3213 0x0000025a40d14090 code [0x0000025a40d14560, 0x0000025a40d16598]
Event: 81.273 Thread 0x0000025a52441800 3214       3       com.google.gson.stream.JsonReader::doPeek (744 bytes)
Event: 81.280 Thread 0x0000025a52441800 nmethod 3214 0x0000025a40d17110 code [0x0000025a40d17ca0, 0x0000025a40d1d928]
Event: 81.280 Thread 0x0000025a52441800 3216       3       com.google.gson.stream.JsonReader::hasNext (30 bytes)
Event: 81.281 Thread 0x0000025a52441800 nmethod 3216 0x0000025a40d1f890 code [0x0000025a40d1fa60, 0x0000025a40d1fce8]
Event: 81.281 Thread 0x0000025a52441800 3212       3       java.lang.reflect.Modifier::isVolatile (13 bytes)
Event: 81.281 Thread 0x0000025a52441800 nmethod 3212 0x0000025a40d1fd90 code [0x0000025a40d1ff40, 0x0000025a40d20078]
Event: 81.281 Thread 0x0000025a52441800 3215       1       java.lang.reflect.Field::getRoot (5 bytes)
Event: 81.281 Thread 0x0000025a52441800 nmethod 3215 0x0000025a47df4390 code [0x0000025a47df4540, 0x0000025a47df45f8]
Event: 81.283 Thread 0x0000025a52441800 3217       3       jdk.internal.loader.URLClassPath::findResource (38 bytes)
Event: 81.283 Thread 0x0000025a52441800 nmethod 3217 0x0000025a40d20110 code [0x0000025a40d202e0, 0x0000025a40d205f8]
Event: 81.286 Thread 0x0000025a52441800 3218       3       java.util.Properties$LineReader::readLine (635 bytes)

GC Heap History (20 events):
Event: 72.675 GC heap after
{Heap after GC invocations=36 (full 0):
 garbage-first heap   total 89088K, used 61382K [0x00000000e0000000, 0x0000000100000000)
  region size 1024K, 1 young (1024K), 1 survivors (1024K)
 Metaspace       used 21742K, capacity 22054K, committed 22144K, reserved 1069056K
  class space    used 2227K, capacity 2383K, committed 2432K, reserved 1048576K
}
Event: 72.872 GC heap before
{Heap before GC invocations=36 (full 0):
 garbage-first heap   total 89088K, used 67526K [0x00000000e0000000, 0x0000000100000000)
  region size 1024K, 8 young (8192K), 1 survivors (1024K)
 Metaspace       used 21746K, capacity 22054K, committed 22144K, reserved 1069056K
  class space    used 2227K, capacity 2383K, committed 2432K, reserved 1048576K
}
Event: 72.880 GC heap after
{Heap after GC invocations=37 (full 0):
 garbage-first heap   total 89088K, used 62464K [0x00000000e0000000, 0x0000000100000000)
  region size 1024K, 1 young (1024K), 1 survivors (1024K)
 Metaspace       used 21746K, capacity 22054K, committed 22144K, reserved 1069056K
  class space    used 2227K, capacity 2383K, committed 2432K, reserved 1048576K
}
Event: 73.826 GC heap before
{Heap before GC invocations=38 (full 0):
 garbage-first heap   total 89088K, used 68608K [0x00000000e0000000, 0x0000000100000000)
  region size 1024K, 8 young (8192K), 1 survivors (1024K)
 Metaspace       used 21746K, capacity 22054K, committed 22144K, reserved 1069056K
  class space    used 2227K, capacity 2383K, committed 2432K, reserved 1048576K
}
Event: 73.836 GC heap after
{Heap after GC invocations=39 (full 0):
 garbage-first heap   total 89088K, used 63302K [0x00000000e0000000, 0x0000000100000000)
  region size 1024K, 1 young (1024K), 1 survivors (1024K)
 Metaspace       used 21746K, capacity 22054K, committed 22144K, reserved 1069056K
  class space    used 2227K, capacity 2383K, committed 2432K, reserved 1048576K
}
Event: 73.914 GC heap before
{Heap before GC invocations=39 (full 0):
 garbage-first heap   total 89088K, used 65350K [0x00000000e0000000, 0x0000000100000000)
  region size 1024K, 4 young (4096K), 1 survivors (1024K)
 Metaspace       used 21746K, capacity 22054K, committed 22144K, reserved 1069056K
  class space    used 2227K, capacity 2383K, committed 2432K, reserved 1048576K
}
Event: 73.933 GC heap after
{Heap after GC invocations=40 (full 0):
 garbage-first heap   total 89088K, used 59569K [0x00000000e0000000, 0x0000000100000000)
  region size 1024K, 1 young (1024K), 1 survivors (1024K)
 Metaspace       used 21746K, capacity 22054K, committed 22144K, reserved 1069056K
  class space    used 2227K, capacity 2383K, committed 2432K, reserved 1048576K
}
Event: 73.987 GC heap before
{Heap before GC invocations=40 (full 0):
 garbage-first heap   total 89088K, used 62641K [0x00000000e0000000, 0x0000000100000000)
  region size 1024K, 4 young (4096K), 1 survivors (1024K)
 Metaspace       used 21758K, capacity 22118K, committed 22400K, reserved 1069056K
  class space    used 2227K, capacity 2383K, committed 2432K, reserved 1048576K
}
Event: 74.000 GC heap after
{Heap after GC invocations=41 (full 0):
 garbage-first heap   total 89088K, used 57020K [0x00000000e0000000, 0x0000000100000000)
  region size 1024K, 1 young (1024K), 1 survivors (1024K)
 Metaspace       used 21758K, capacity 22118K, committed 22400K, reserved 1069056K
  class space    used 2227K, capacity 2383K, committed 2432K, reserved 1048576K
}
Event: 74.086 GC heap before
{Heap before GC invocations=41 (full 0):
 garbage-first heap   total 89088K, used 59068K [0x00000000e0000000, 0x0000000100000000)
  region size 1024K, 4 young (4096K), 1 survivors (1024K)
 Metaspace       used 21758K, capacity 22118K, committed 22400K, reserved 1069056K
  class space    used 2227K, capacity 2383K, committed 2432K, reserved 1048576K
}
Event: 74.093 GC heap after
{Heap after GC invocations=42 (full 0):
 garbage-first heap   total 89088K, used 57287K [0x00000000e0000000, 0x0000000100000000)
  region size 1024K, 1 young (1024K), 1 survivors (1024K)
 Metaspace       used 21758K, capacity 22118K, committed 22400K, reserved 1069056K
  class space    used 2227K, capacity 2383K, committed 2432K, reserved 1048576K
}
Event: 74.287 GC heap before
{Heap before GC invocations=42 (full 0):
 garbage-first heap   total 89088K, used 66503K [0x00000000e0000000, 0x0000000100000000)
  region size 1024K, 11 young (11264K), 1 survivors (1024K)
 Metaspace       used 21759K, capacity 22118K, committed 22400K, reserved 1069056K
  class space    used 2227K, capacity 2383K, committed 2432K, reserved 1048576K
}
Event: 74.299 GC heap after
{Heap after GC invocations=43 (full 0):
 garbage-first heap   total 111616K, used 59017K [0x00000000e0000000, 0x0000000100000000)
  region size 1024K, 2 young (2048K), 2 survivors (2048K)
 Metaspace       used 21759K, capacity 22118K, committed 22400K, reserved 1069056K
  class space    used 2227K, capacity 2383K, committed 2432K, reserved 1048576K
}
Event: 75.600 GC heap before
{Heap before GC invocations=44 (full 0):
 garbage-first heap   total 111616K, used 77449K [0x00000000e0000000, 0x0000000100000000)
  region size 1024K, 21 young (21504K), 2 survivors (2048K)
 Metaspace       used 21759K, capacity 22118K, committed 22400K, reserved 1069056K
  class space    used 2227K, capacity 2383K, committed 2432K, reserved 1048576K
}
Event: 75.617 GC heap after
{Heap after GC invocations=45 (full 0):
 garbage-first heap   total 111616K, used 61440K [0x00000000e0000000, 0x0000000100000000)
  region size 1024K, 3 young (3072K), 3 survivors (3072K)
 Metaspace       used 21759K, capacity 22118K, committed 22400K, reserved 1069056K
  class space    used 2227K, capacity 2383K, committed 2432K, reserved 1048576K
}
Event: 76.493 GC heap before
{Heap before GC invocations=45 (full 0):
 garbage-first heap   total 111616K, used 79872K [0x00000000e0000000, 0x0000000100000000)
  region size 1024K, 22 young (22528K), 3 survivors (3072K)
 Metaspace       used 21771K, capacity 22182K, committed 22400K, reserved 1069056K
  class space    used 2227K, capacity 2383K, committed 2432K, reserved 1048576K
}
Event: 76.544 GC heap after
{Heap after GC invocations=46 (full 0):
 garbage-first heap   total 111616K, used 70098K [0x00000000e0000000, 0x0000000100000000)
  region size 1024K, 3 young (3072K), 3 survivors (3072K)
 Metaspace       used 21771K, capacity 22182K, committed 22400K, reserved 1069056K
  class space    used 2227K, capacity 2383K, committed 2432K, reserved 1048576K
}
Event: 78.767 GC heap before
{Heap before GC invocations=47 (full 0):
 garbage-first heap   total 111616K, used 83410K [0x00000000e0000000, 0x0000000100000000)
  region size 1024K, 16 young (16384K), 3 survivors (3072K)
 Metaspace       used 22533K, capacity 22912K, committed 23040K, reserved 1069056K
  class space    used 2323K, capacity 2454K, committed 2560K, reserved 1048576K
}
Event: 78.790 GC heap after
{Heap after GC invocations=48 (full 0):
 garbage-first heap   total 111616K, used 77312K [0x00000000e0000000, 0x0000000100000000)
  region size 1024K, 2 young (2048K), 2 survivors (2048K)
 Metaspace       used 22533K, capacity 22912K, committed 23040K, reserved 1069056K
  class space    used 2323K, capacity 2454K, committed 2560K, reserved 1048576K
}
Event: 81.289 GC heap before
{Heap before GC invocations=48 (full 0):
 garbage-first heap   total 111616K, used 86528K [0x00000000e0000000, 0x0000000100000000)
  region size 1024K, 11 young (11264K), 2 survivors (2048K)
 Metaspace       used 23978K, capacity 24366K, committed 24448K, reserved 1071104K
  class space    used 2498K, capacity 2659K, committed 2688K, reserved 1048576K
}

Deoptimization events (20 events):
Event: 77.976 Thread 0x0000025a3d6d9800 Uncommon trap: trap_request=0xffffffc6 fr.pc=0x0000025a47dbddd0 relative=0x00000000000015f0
Event: 77.976 Thread 0x0000025a3d6d9800 Uncommon trap: reason=bimorphic_or_optimized_type_check action=maybe_recompile pc=0x0000025a47dbddd0 method=java.util.AbstractCollection.toArray([Ljava/lang/Object;)[Ljava/lang/Object; @ 31 c2
Event: 77.976 Thread 0x0000025a3d6d9800 DEOPT PACKING pc=0x0000025a47dbddd0 sp=0x0000007520cfc690
Event: 77.976 Thread 0x0000025a3d6d9800 DEOPT UNPACKING pc=0x0000025a4007a1af sp=0x0000007520cfc670 mode 2
Event: 77.978 Thread 0x0000025a3d6d9800 Uncommon trap: trap_request=0xffffffc6 fr.pc=0x0000025a47dbddd0 relative=0x00000000000015f0
Event: 77.978 Thread 0x0000025a3d6d9800 Uncommon trap: reason=bimorphic_or_optimized_type_check action=maybe_recompile pc=0x0000025a47dbddd0 method=java.util.AbstractCollection.toArray([Ljava/lang/Object;)[Ljava/lang/Object; @ 31 c2
Event: 77.978 Thread 0x0000025a3d6d9800 DEOPT PACKING pc=0x0000025a47dbddd0 sp=0x0000007520cfc500
Event: 77.978 Thread 0x0000025a3d6d9800 DEOPT UNPACKING pc=0x0000025a4007a1af sp=0x0000007520cfc4e0 mode 2
Event: 78.970 Thread 0x0000025a3d6d9800 Uncommon trap: trap_request=0xffffffc6 fr.pc=0x0000025a47c94388 relative=0x0000000000005488
Event: 78.970 Thread 0x0000025a3d6d9800 Uncommon trap: reason=bimorphic_or_optimized_type_check action=maybe_recompile pc=0x0000025a47c94388 method=java.util.TimSort.countRunAndMakeAscending([Ljava/lang/Object;IILjava/util/Comparator;)I @ 43 c2
Event: 78.970 Thread 0x0000025a3d6d9800 DEOPT PACKING pc=0x0000025a47c94388 sp=0x0000007520cfcdf0
Event: 78.970 Thread 0x0000025a3d6d9800 DEOPT UNPACKING pc=0x0000025a4007a1af sp=0x0000007520cfcd90 mode 2
Event: 78.970 Thread 0x0000025a3d6d9800 Uncommon trap: trap_request=0xffffffc6 fr.pc=0x0000025a47c87b50 relative=0x0000000000005150
Event: 78.970 Thread 0x0000025a3d6d9800 Uncommon trap: reason=bimorphic_or_optimized_type_check action=maybe_recompile pc=0x0000025a47c87b50 method=java.util.TimSort.binarySort([Ljava/lang/Object;IIILjava/util/Comparator;)V @ 93 c2
Event: 78.970 Thread 0x0000025a3d6d9800 DEOPT PACKING pc=0x0000025a47c87b50 sp=0x0000007520cfcd00
Event: 78.970 Thread 0x0000025a3d6d9800 DEOPT UNPACKING pc=0x0000025a4007a1af sp=0x0000007520cfcd60 mode 2
Event: 79.588 Thread 0x0000025a3d6d9800 Uncommon trap: trap_request=0xffffff4d fr.pc=0x0000025a47d52e78 relative=0x00000000000025d8
Event: 79.588 Thread 0x0000025a3d6d9800 Uncommon trap: reason=unstable_if action=reinterpret pc=0x0000025a47d52e78 method=java.lang.String.split(Ljava/lang/String;I)[Ljava/lang/String; @ 32 c2
Event: 79.588 Thread 0x0000025a3d6d9800 DEOPT PACKING pc=0x0000025a47d52e78 sp=0x0000007520cfd420
Event: 79.588 Thread 0x0000025a3d6d9800 DEOPT UNPACKING pc=0x0000025a4007a1af sp=0x0000007520cfd408 mode 2

Classes redefined (0 events):
No events

Internal exceptions (20 events):
Event: 4.468 Thread 0x0000025a3d6d9800 Exception <a 'java/lang/NoSuchMethodError'{0x00000000e3ad9a58}: 'int java.lang.invoke.DirectMethodHandle$Holder.invokeSpecialIFC(java.lang.Object, java.lang.Object, int)'> (0x00000000e3ad9a58) thrown at [./src/hotspot/share/interpreter/linkResolver.cpp, line 773]
Event: 5.434 Thread 0x0000025a3d6d9800 Exception <a 'java/lang/NullPointerException'{0x00000000e3984498}> (0x00000000e3984498) thrown at [./src/hotspot/share/interpreter/linkResolver.cpp, line 1358]
Event: 5.434 Thread 0x0000025a3d6d9800 Exception <a 'java/lang/NullPointerException'{0x00000000e3984768}> (0x00000000e3984768) thrown at [./src/hotspot/share/interpreter/linkResolver.cpp, line 1358]
Event: 5.434 Thread 0x0000025a3d6d9800 Exception <a 'java/lang/NullPointerException'{0x00000000e3984a38}> (0x00000000e3984a38) thrown at [./src/hotspot/share/interpreter/linkResolver.cpp, line 1358]
Event: 5.444 Thread 0x0000025a3d6d9800 Exception <a 'java/lang/NullPointerException'{0x00000000e398d770}> (0x00000000e398d770) thrown at [./src/hotspot/share/interpreter/linkResolver.cpp, line 1358]
Event: 5.447 Thread 0x0000025a3d6d9800 Exception <a 'java/lang/NullPointerException'{0x00000000e39a6fe0}> (0x00000000e39a6fe0) thrown at [./src/hotspot/share/interpreter/linkResolver.cpp, line 1358]
Event: 5.447 Thread 0x0000025a3d6d9800 Exception <a 'java/lang/NullPointerException'{0x00000000e39a72b0}> (0x00000000e39a72b0) thrown at [./src/hotspot/share/interpreter/linkResolver.cpp, line 1358]
Event: 5.447 Thread 0x0000025a3d6d9800 Exception <a 'java/lang/NullPointerException'{0x00000000e39a7580}> (0x00000000e39a7580) thrown at [./src/hotspot/share/interpreter/linkResolver.cpp, line 1358]
Event: 5.447 Thread 0x0000025a3d6d9800 Exception <a 'java/lang/NullPointerException'{0x00000000e39a7850}> (0x00000000e39a7850) thrown at [./src/hotspot/share/interpreter/linkResolver.cpp, line 1358]
Event: 14.381 Thread 0x0000025a3d6d9800 Exception <a 'java/lang/NoClassDefFoundError'{0x00000000e36ba9e0}: org/apache/log4j/Priority> (0x00000000e36ba9e0) thrown at [./src/hotspot/share/classfile/systemDictionary.cpp, line 220]
Event: 15.166 Thread 0x0000025a3d6d9800 Exception <a 'java/lang/NoSuchMethodError'{0x00000000e3360050}: 'java.lang.Object java.lang.invoke.DirectMethodHandle$Holder.invokeStatic(java.lang.Object, java.lang.Object, java.lang.Object, java.lang.Object, java.lang.Object, java.lang.Object, java.lang.Object, java.lang.Object, java.lang.Object, java.lang.Object, java.lang.Object, java.lang.Object, java.lang.Object, java.lang.Object, java.lang.Object)'> (0x00000000e3360050) thrown at [./src/hotspot/share/interpreter/linkResolver.cpp, line 773]
Event: 15.191 Thread 0x0000025a3d6d9800 Exception <a 'java/lang/NoSuchMethodError'{0x00000000e336ddb0}: 'java.lang.Object java.lang.invoke.DirectMethodHandle$Holder.invokeStatic(java.lang.Object, java.lang.Object, java.lang.Object, java.lang.Object, java.lang.Object, java.lang.Object, java.lang.Object, java.lang.Object, java.lang.Object, java.lang.Object, java.lang.Object, java.lang.Object, java.lang.Object, java.lang.Object, java.lang.Object, java.lang.Object)'> (0x00000000e336ddb0) thrown at [./src/hotspot/share/interpreter/linkResolver.cpp, l
Event: 15.196 Thread 0x0000025a3d6d9800 Exception <a 'java/lang/NoSuchMethodError'{0x00000000e337bdb8}: 'java.lang.Object java.lang.invoke.DirectMethodHandle$Holder.invokeSpecial(java.lang.Object, java.lang.Object, int, int, java.lang.Object, java.lang.Object, java.lang.Object)'> (0x00000000e337bdb8) thrown at [./src/hotspot/share/interpreter/linkResolver.cpp, line 773]
Event: 15.196 Thread 0x0000025a3d6d9800 Exception <a 'java/lang/NoSuchMethodError'{0x00000000e337f348}: 'java.lang.Object java.lang.invoke.DelegatingMethodHandle$Holder.reinvoke_L(java.lang.Object, int, int, java.lang.Object, java.lang.Object, java.lang.Object)'> (0x00000000e337f348) thrown at [./src/hotspot/share/interpreter/linkResolver.cpp, line 773]
Event: 15.543 Thread 0x0000025a3d6d9800 Exception <a 'java/lang/NoSuchMethodError'{0x00000000e3383910}: 'java.lang.Object java.lang.invoke.DirectMethodHandle$Holder.invokeStatic(java.lang.Object, java.lang.Object, java.lang.Object, java.lang.Object, int)'> (0x00000000e3383910) thrown at [./src/hotspot/share/interpreter/linkResolver.cpp, line 773]
Event: 16.378 Thread 0x0000025a3d6d9800 Exception <a 'java/lang/ClassNotFoundException'{0x00000000e32bfd98}: com/sun/org/apache/xerces/internal/impl/xpath/regex/spi/messageProvider> (0x00000000e32bfd98) thrown at [./src/hotspot/share/classfile/systemDictionary.cpp, line 231]
Event: 22.296 Thread 0x0000025a3d6d9800 Exception <a 'java/lang/NoSuchMethodError'{0x00000000e3237298}: 'java.lang.Object java.lang.invoke.DirectMethodHandle$Holder.invokeVirtual(java.lang.Object, java.lang.Object, java.lang.Object, java.lang.Object)'> (0x00000000e3237298) thrown at [./src/hotspot/share/interpreter/linkResolver.cpp, line 773]
Event: 25.442 Thread 0x0000025a3d6d9800 Exception <a 'java/lang/NoSuchMethodError'{0x00000000e38a54b8}: 'int java.lang.invoke.DirectMethodHandle$Holder.invokeVirtual(java.lang.Object, java.lang.Object, java.lang.Object)'> (0x00000000e38a54b8) thrown at [./src/hotspot/share/interpreter/linkResolver.cpp, line 773]
Event: 25.443 Thread 0x0000025a3d6d9800 Exception <a 'java/lang/NoSuchMethodError'{0x00000000e38ab420}: 'java.lang.Object java.lang.invoke.DirectMethodHandle$Holder.invokeVirtual(java.lang.Object, java.lang.Object, java.lang.Object)'> (0x00000000e38ab420) thrown at [./src/hotspot/share/interpreter/linkResolver.cpp, line 773]
Event: 79.792 Thread 0x0000025a3d6d9800 Exception <a 'java/lang/NoSuchMethodError'{0x00000000e696aba0}: 'void java.lang.invoke.DirectMethodHandle$Holder.invokeSpecial(java.lang.Object, java.lang.Object, java.lang.Object, java.lang.Object)'> (0x00000000e696aba0) thrown at [./src/hotspot/share/interpreter/linkResolver.cpp, line 773]

Events (20 events):
Event: 81.280 Executing VM operation: RevokeBias done
Event: 81.282 loading class LtexLsMessagesBundle
Event: 81.282 loading class LtexLsMessagesBundle done
Event: 81.282 Executing VM operation: RevokeBias
Event: 81.282 Executing VM operation: RevokeBias done
Event: 81.282 Executing VM operation: RevokeBias
Event: 81.282 Executing VM operation: RevokeBias done
Event: 81.282 Executing VM operation: RevokeBias
Event: 81.282 Executing VM operation: RevokeBias done
Event: 81.283 Executing VM operation: RevokeBias
Event: 81.283 Executing VM operation: RevokeBias done
Event: 81.284 Executing VM operation: RevokeBias
Event: 81.284 Executing VM operation: RevokeBias done
Event: 81.284 Executing VM operation: RevokeBias
Event: 81.285 Executing VM operation: RevokeBias done
Event: 81.285 Executing VM operation: RevokeBias
Event: 81.285 Executing VM operation: RevokeBias done
Event: 81.288 loading class LtexLsMessagesBundle_en
Event: 81.288 loading class LtexLsMessagesBundle_en done
Event: 81.289 Executing VM operation: G1CollectForAllocation


Dynamic libraries:
0x00007ff792260000 - 0x00007ff79226d000 	c:\Users\evely\.vscode\extensions\valentjn.vscode-ltex-13.1.0\lib\ltex-ls-15.2.0\jdk-11.0.12+7\bin\java.exe
0x00007ffa60ed0000 - 0x00007ffa610e4000 	C:\WINDOWS\SYSTEM32\ntdll.dll
0x00007ffa2cdd0000 - 0x00007ffa2cde9000 	C:\Program Files\Avast Software\Avast\aswhook.dll
0x00007ffa5fe50000 - 0x00007ffa5ff12000 	C:\WINDOWS\System32\KERNEL32.DLL
0x00007ffa5e2d0000 - 0x00007ffa5e673000 	C:\WINDOWS\System32\KERNELBASE.dll
0x00007ffa5e940000 - 0x00007ffa5ea51000 	C:\WINDOWS\System32\ucrtbase.dll
0x00007ffa3db90000 - 0x00007ffa3dba7000 	c:\Users\evely\.vscode\extensions\valentjn.vscode-ltex-13.1.0\lib\ltex-ls-15.2.0\jdk-11.0.12+7\bin\jli.dll
0x00007ffa5ee40000 - 0x00007ffa5efeb000 	C:\WINDOWS\System32\USER32.dll
0x00007ffa5e680000 - 0x00007ffa5e6a6000 	C:\WINDOWS\System32\win32u.dll
0x00007ffa5f4f0000 - 0x00007ffa5f519000 	C:\WINDOWS\System32\GDI32.dll
0x00007ffa5e6b0000 - 0x00007ffa5e7c9000 	C:\WINDOWS\System32\gdi32full.dll
0x00007ffa5eb20000 - 0x00007ffa5ebba000 	C:\WINDOWS\System32\msvcp_win.dll
0x00007ffa3db70000 - 0x00007ffa3db85000 	c:\Users\evely\.vscode\extensions\valentjn.vscode-ltex-13.1.0\lib\ltex-ls-15.2.0\jdk-11.0.12+7\bin\VCRUNTIME140.dll
0x00007ffa4b390000 - 0x00007ffa4b61e000 	C:\WINDOWS\WinSxS\amd64_microsoft.windows.common-controls_6595b64144ccf1df_6.0.22621.1635_none_270f70857386168e\COMCTL32.dll
0x00007ffa5f270000 - 0x00007ffa5f317000 	C:\WINDOWS\System32\msvcrt.dll
0x00007ffa60d30000 - 0x00007ffa60d61000 	C:\WINDOWS\System32\IMM32.DLL
0x00007ffa19640000 - 0x00007ffa196db000 	c:\Users\evely\.vscode\extensions\valentjn.vscode-ltex-13.1.0\lib\ltex-ls-15.2.0\jdk-11.0.12+7\bin\msvcp140.dll
0x00007ff9b9080000 - 0x00007ff9b9bd9000 	c:\Users\evely\.vscode\extensions\valentjn.vscode-ltex-13.1.0\lib\ltex-ls-15.2.0\jdk-11.0.12+7\bin\server\jvm.dll
0x00007ffa5f1c0000 - 0x00007ffa5f26e000 	C:\WINDOWS\System32\ADVAPI32.dll
0x00007ffa5fd90000 - 0x00007ffa5fe34000 	C:\WINDOWS\System32\sechost.dll
0x00007ffa5f380000 - 0x00007ffa5f497000 	C:\WINDOWS\System32\RPCRT4.dll
0x00007ffa5f900000 - 0x00007ffa5f908000 	C:\WINDOWS\System32\PSAPI.DLL
0x00007ffa432d0000 - 0x00007ffa432d9000 	C:\WINDOWS\SYSTEM32\WSOCK32.dll
0x00007ffa5ff20000 - 0x00007ffa5ff91000 	C:\WINDOWS\System32\WS2_32.dll
0x00007ffa56880000 - 0x00007ffa568b4000 	C:\WINDOWS\SYSTEM32\WINMM.dll
0x00007ffa564f0000 - 0x00007ffa564fa000 	C:\WINDOWS\SYSTEM32\VERSION.dll
0x00007ffa5d320000 - 0x00007ffa5d338000 	C:\WINDOWS\SYSTEM32\kernel.appcore.dll
0x00007ffa3db60000 - 0x00007ffa3db70000 	c:\Users\evely\.vscode\extensions\valentjn.vscode-ltex-13.1.0\lib\ltex-ls-15.2.0\jdk-11.0.12+7\bin\verify.dll
0x00007ffa48c10000 - 0x00007ffa48e3e000 	C:\WINDOWS\SYSTEM32\DBGHELP.DLL
0x00007ffa608a0000 - 0x00007ffa60c29000 	C:\WINDOWS\System32\combase.dll
0x00007ffa5ecb0000 - 0x00007ffa5ed87000 	C:\WINDOWS\System32\OLEAUT32.dll
0x00007ffa47be0000 - 0x00007ffa47c12000 	C:\WINDOWS\SYSTEM32\dbgcore.DLL
0x00007ffa5ec30000 - 0x00007ffa5ecab000 	C:\WINDOWS\System32\bcryptPrimitives.dll
0x00007ffa38650000 - 0x00007ffa38678000 	c:\Users\evely\.vscode\extensions\valentjn.vscode-ltex-13.1.0\lib\ltex-ls-15.2.0\jdk-11.0.12+7\bin\java.dll
0x00007ffa3cfd0000 - 0x00007ffa3cfda000 	c:\Users\evely\.vscode\extensions\valentjn.vscode-ltex-13.1.0\lib\ltex-ls-15.2.0\jdk-11.0.12+7\bin\jimage.dll
0x00007ffa31870000 - 0x00007ffa31887000 	c:\Users\evely\.vscode\extensions\valentjn.vscode-ltex-13.1.0\lib\ltex-ls-15.2.0\jdk-11.0.12+7\bin\zip.dll
0x00007ffa600a0000 - 0x00007ffa6089a000 	C:\WINDOWS\System32\SHELL32.dll
0x00007ffa5c2d0000 - 0x00007ffa5cb9e000 	C:\WINDOWS\SYSTEM32\windows.storage.dll
0x00007ffa5c190000 - 0x00007ffa5c2ce000 	C:\WINDOWS\SYSTEM32\wintypes.dll
0x00007ffa60c30000 - 0x00007ffa60d21000 	C:\WINDOWS\System32\SHCORE.dll
0x00007ffa5f320000 - 0x00007ffa5f37e000 	C:\WINDOWS\System32\shlwapi.dll
0x00007ffa5e200000 - 0x00007ffa5e221000 	C:\WINDOWS\SYSTEM32\profapi.dll
0x00007ffa1f600000 - 0x00007ffa1f619000 	C:\Users\evely\.vscode\extensions\valentjn.vscode-ltex-13.1.0\lib\ltex-ls-15.2.0\jdk-11.0.12+7\bin\net.dll
0x00007ffa55fa0000 - 0x00007ffa560d7000 	C:\WINDOWS\SYSTEM32\WINHTTP.dll
0x00007ffa5d790000 - 0x00007ffa5d7f9000 	C:\WINDOWS\system32\mswsock.dll
0x00007ffa19810000 - 0x00007ffa19822000 	C:\Users\evely\.vscode\extensions\valentjn.vscode-ltex-13.1.0\lib\ltex-ls-15.2.0\jdk-11.0.12+7\bin\nio.dll
0x0000000069ac0000 - 0x0000000069ae4000 	C:\Users\evely\AppData\Local\Temp\jansi-2.4.0-b7c9c518b2c005f1-jansi.dll

dbghelp: loaded successfully - version: 4.0.5 - missing functions: none
symbol engine: initialized successfully - sym options: 0x614 - pdb path: .;c:\Users\evely\.vscode\extensions\valentjn.vscode-ltex-13.1.0\lib\ltex-ls-15.2.0\jdk-11.0.12+7\bin;C:\WINDOWS\SYSTEM32;C:\Program Files\Avast Software\Avast;C:\WINDOWS\WinSxS\amd64_microsoft.windows.common-controls_6595b64144ccf1df_6.0.22621.1635_none_270f70857386168e;c:\Users\evely\.vscode\extensions\valentjn.vscode-ltex-13.1.0\lib\ltex-ls-15.2.0\jdk-11.0.12+7\bin\server;C:\Users\evely\AppData\Local\Temp

VM Arguments:
jvm_args: -Xms64m -Xmx512m -Dapp.name=ltex-ls -Dapp.repo=c:\Users\evely\.vscode\extensions\valentjn.vscode-ltex-13.1.0\lib\ltex-ls-15.2.0\lib -Dapp.home=c:\Users\evely\.vscode\extensions\valentjn.vscode-ltex-13.1.0\lib\ltex-ls-15.2.0 -Dbasedir=c:\Users\evely\.vscode\extensions\valentjn.vscode-ltex-13.1.0\lib\ltex-ls-15.2.0 
java_command: org.bsplines.ltexls.LtexLanguageServerLauncher
java_class_path (initial): c:\Users\evely\.vscode\extensions\valentjn.vscode-ltex-13.1.0\lib\ltex-ls-15.2.0\etc;c:\Users\evely\.vscode\extensions\valentjn.vscode-ltex-13.1.0\lib\ltex-ls-15.2.0\lib\aho-corasick-double-array-trie-1.2.2.jar;c:\Users\evely\.vscode\extensions\valentjn.vscode-ltex-13.1.0\lib\ltex-ls-15.2.0\lib\animal-sniffer-annotations-1.17.jar;c:\Users\evely\.vscode\extensions\valentjn.vscode-ltex-13.1.0\lib\ltex-ls-15.2.0\lib\annotations-12.0.jar;c:\Users\evely\.vscode\extensions\valentjn.vscode-ltex-13.1.0\lib\ltex-ls-15.2.0\lib\annotations-13.0.jar;c:\Users\evely\.vscode\extensions\valentjn.vscode-ltex-13.1.0\lib\ltex-ls-15.2.0\lib\annotations-20.1.0.jar;c:\Users\evely\.vscode\extensions\valentjn.vscode-ltex-13.1.0\lib\ltex-ls-15.2.0\lib\annotations-4.1.1.4.jar;c:\Users\evely\.vscode\extensions\valentjn.vscode-ltex-13.1.0\lib\ltex-ls-15.2.0\lib\bridj-0.7.0.jar;c:\Users\evely\.vscode\extensions\valentjn.vscode-ltex-13.1.0\lib\ltex-ls-15.2.0\lib\catalan-pos-dict-2.16.jar;c:\Users\evely\.vscode\extensions\valentjn.vscode-ltex-13.1.0\lib\ltex-ls-15.2.0\lib\checker-qual-2.5.2.jar;c:\Users\evely\.vscode\extensions\valentjn.vscode-ltex-13.1.0\lib\ltex-ls-15.2.0\lib\checker-qual-3.5.0.jar;c:\Users\evely\.vscode\extensions\valentjn.vscode-ltex-13.1.0\lib\ltex-ls-15.2.0\lib\cjftransform-1.0.1.jar;c:\Users\evely\.vscode\extensions\valentjn.vscode-ltex-13.1.0\lib\ltex-ls-15.2.0\lib\commons-lang3-3.11.jar;c:\Users\evely\.vscode\extensions\valentjn.vscode-ltex-13.1.0\lib\ltex-ls-15.2.0\lib\commons-logging-1.2.jar;c:\Users\evely\.vscode\extensions\valentjn.vscode-ltex-13.1.0\lib\ltex-ls-15.2.0\lib\commons-pool2-2.9.0.jar;c:\Users\evely\.vscode\extensions\valentjn.vscode-ltex-13.1.0\lib\ltex-ls-15.2.0\lib\commons-text-1.9.jar;c:\Users\evely\.vscode\extensions\valentjn.vscode-ltex-13.1.0\lib\ltex-ls-15.2.0\lib\dx-1.7.jar;c:\Users\evely\.vscode\extensions\valentjn.vscode-ltex-13.1.0\lib\ltex-ls-15.2.0\lib\emoji-java-5.1.1.jar;c:\Users\evely\.vscode\extensions\valent
Launcher Type: SUN_STANDARD

[Global flags]
     intx CICompilerCount                          = 2                                         {product} {ergonomic}
     uint ConcGCThreads                            = 1                                         {product} {ergonomic}
     uint G1ConcRefinementThreads                  = 2                                         {product} {ergonomic}
   size_t G1HeapRegionSize                         = 1048576                                   {product} {ergonomic}
    uintx GCDrainStackTargetSize                   = 64                                        {product} {ergonomic}
   size_t InitialHeapSize                          = 67108864                                  {product} {command line}
   size_t MarkStackSize                            = 4194304                                   {product} {ergonomic}
   size_t MaxHeapSize                              = 536870912                                 {product} {command line}
   size_t MaxNewSize                               = 321912832                                 {product} {ergonomic}
   size_t MinHeapDeltaBytes                        = 1048576                                   {product} {ergonomic}
    uintx NonNMethodCodeHeapSize                   = 5825164                                {pd product} {ergonomic}
    uintx NonProfiledCodeHeapSize                  = 122916538                              {pd product} {ergonomic}
    uintx ProfiledCodeHeapSize                     = 122916538                              {pd product} {ergonomic}
    uintx ReservedCodeCacheSize                    = 251658240                              {pd product} {ergonomic}
     bool SegmentedCodeCache                       = true                                      {product} {ergonomic}
     bool UseCompressedClassPointers               = true                                 {lp64_product} {ergonomic}
     bool UseCompressedOops                        = true                                 {lp64_product} {ergonomic}
     bool UseG1GC                                  = true                                      {product} {ergonomic}
     bool UseLargePagesIndividualAllocation        = false                                  {pd product} {ergonomic}

Logging:
Log output configuration:
 #0: stdout all=warning uptime,level,tags
 #1: stderr all=off uptime,level,tags

Environment Variables:
JAVA_HOME=c:\Users\evely\.vscode\extensions\valentjn.vscode-ltex-13.1.0\lib\ltex-ls-15.2.0\jdk-11.0.12+7
CLASSPATH="c:\Users\evely\.vscode\extensions\valentjn.vscode-ltex-13.1.0\lib\ltex-ls-15.2.0"\etc;"c:\Users\evely\.vscode\extensions\valentjn.vscode-ltex-13.1.0\lib\ltex-ls-15.2.0\lib"\*
PATH=C:\Users\evely\AppData\Local\Programs\Python\Python311\Scripts\;C:\Users\evely\AppData\Local\Programs\Python\Python311\;C:\WINDOWS\system32;C:\WINDOWS;C:\WINDOWS\System32\Wbem;C:\WINDOWS\System32\WindowsPowerShell\v1.0\;C:\WINDOWS\System32\OpenSSH\;C:\Program Files\nodejs\;C:\ProgramData\chocolatey\bin;C:\Program Files\Git\cmd;C:\Program Files\PowerShell\7\;C:\Program Files\MySQL\MySQL Shell 8.0\bin\;C:\Users\evely\AppData\Local\Programs\Python\Python312\Scripts\;C:\Users\evely\AppData\Local\Programs\Python\Python312\;C:\Users\evely\AppData\Local\Programs\Python\Python311\Scripts\;C:\Users\evely\AppData\Local\Programs\Python\Python311\;C:\Users\evely\AppData\Local\Microsoft\WindowsApps;C:\Users\evely\AppData\Local\Programs\Microsoft VS Code\bin;C:\Users\evely\AppData\Local\GitHubDesktop\bin;C:\Dart sdk\dart-sdk\bin;C:\Users\evely\AppData\Roaming\npm
USERNAME=evely
OS=Windows_NT
PROCESSOR_IDENTIFIER=AMD64 Family 23 Model 32 Stepping 1, AuthenticAMD



---------------  S Y S T E M  ---------------

OS: Windows 10 , 64 bit Build 22621 (10.0.22621.1778)
OS uptime: 2 days 1:04 hours

CPU:total 2 (initial active 2) (2 cores per cpu, 1 threads per core) family 23 model 32 stepping 1 microcode 0x0, cmov, cx8, fxsr, mmx, sse, sse2, sse3, ssse3, sse4.1, sse4.2, popcnt, avx, avx2, aes, clmul, mmxext, 3dnowpref, lzcnt, sse4a, tsc, tscinvbit, tscinv, bmi1, bmi2, adx, sha, fma

Memory: 4k page, system-wide physical 3499M (42M free)
TotalPageFile size 14251M (AvailPageFile size 18M)
current process WorkingSet (physical memory assigned to process): 167M, peak: 167M
current process commit charge ("private bytes"): 224M, peak: 261M

vm_info: OpenJDK 64-Bit Server VM (11.0.12+7) for windows-amd64 JRE (11.0.12+7), built on Jul 21 2021 16:23:49 by "" with unknown MS VC++:1916

END.
