#
# There is insufficient memory for the Java Runtime Environment to continue.
# Native memory allocation (malloc) failed to allocate 1135376 bytes for Chunk::new
# Possible reasons:
#   The system is out of physical RAM or swap space
#   The process is running with CompressedOops enabled, and the Java Heap may be blocking the growth of the native heap
# Possible solutions:
#   Reduce memory load on the system
#   Increase physical memory or swap space
#   Check if swap backing store is full
#   Decrease Java heap size (-Xmx/-Xms)
#   Decrease number of Java threads
#   Decrease Java thread stack sizes (-Xss)
#   Set larger code cache with -XX:ReservedCodeCacheSize=
#   JVM is running with Unscaled Compressed Oops mode in which the Java heap is
#     placed in the first 4GB address space. The Java Heap base address is the
#     maximum limit for the native heap growth. Please use -XX:HeapBaseMinAddress
#     to set the Java Heap base and to place the Java Heap above 4GB virtual address.
# This output file may be truncated or incomplete.
#
#  Out of Memory Error (./src/hotspot/share/memory/arena.cpp:197), pid=92788, tid=91236
#
# JRE version: OpenJDK Runtime Environment Temurin-11.0.12+7 (11.0.12+7) (build 11.0.12+7)
# Java VM: OpenJDK 64-Bit Server VM Temurin-11.0.12+7 (11.0.12+7, mixed mode, tiered, compressed oops, g1 gc, windows-amd64)
# No core dump will be written. Minidumps are not enabled by default on client versions of Windows
#

---------------  S U M M A R Y ------------

Command Line: -Xms64m -Xmx512m -Dapp.name=ltex-ls -Dapp.repo=c:\Users\evely\.vscode\extensions\valentjn.vscode-ltex-13.1.0\lib\ltex-ls-15.2.0\lib -Dapp.home=c:\Users\evely\.vscode\extensions\valentjn.vscode-ltex-13.1.0\lib\ltex-ls-15.2.0 -Dbasedir=c:\Users\evely\.vscode\extensions\valentjn.vscode-ltex-13.1.0\lib\ltex-ls-15.2.0 org.bsplines.ltexls.LtexLanguageServerLauncher

Host: AMD 3020e with Radeon Graphics                 , 2 cores, 3G,  Windows 10 , 64 bit Build 22621 (10.0.22621.1778)
Time: Tue Jul 11 01:07:34 2023 South Africa Standard Time elapsed time: 406.479411 seconds (0d 0h 6m 46s)

---------------  T H R E A D  ---------------

Current thread (0x000001f0a7996000):  JavaThread "C2 CompilerThread0" daemon [_thread_in_native, id=91236, stack(0x000000162d500000,0x000000162d600000)]


Current CompileTask:
C2: 406483 4128 %     4       opennlp.tools.ml.BeamSearch::bestSequences @ 242 (517 bytes)

Stack: [0x000000162d500000,0x000000162d600000]
Native frames: (J=compiled Java code, j=interpreted, Vv=VM code, C=native code)
V  [jvm.dll+0x601d0a]
V  [jvm.dll+0x78ab6e]
V  [jvm.dll+0x78c23f]
V  [jvm.dll+0x78c903]
V  [jvm.dll+0x24be68]
V  [jvm.dll+0xc219c]
V  [jvm.dll+0xc275c]
V  [jvm.dll+0x354857]
V  [jvm.dll+0x19dd01]
V  [jvm.dll+0x205622]
V  [jvm.dll+0x2046fd]
V  [jvm.dll+0x1898fc]
V  [jvm.dll+0x213d67]
V  [jvm.dll+0x211f2b]
V  [jvm.dll+0x74ec19]
V  [jvm.dll+0x747c84]
V  [jvm.dll+0x600ba6]
C  [ucrtbase.dll+0x29363]
C  [KERNEL32.DLL+0x126ad]
C  [ntdll.dll+0x5a9f8]


---------------  P R O C E S S  ---------------

Threads class SMR info:
_java_thread_list=0x000001f0a8fe9cf0, length=12, elements={
0x000001f08fbfa800, 0x000001f0a7973000, 0x000001f0a797e800, 0x000001f0a798f800,
0x000001f0a7992800, 0x000001f0a7994000, 0x000001f0a7996000, 0x000001f0a79f1800,
0x000001f0a79f8000, 0x000001f0a7bb0800, 0x000001f0a8e4f800, 0x000001f0a7b53000
}

Java Threads: ( => current thread )
  0x000001f08fbfa800 JavaThread "main" [_thread_blocked, id=95044, stack(0x000000162c900000,0x000000162ca00000)]
  0x000001f0a7973000 JavaThread "Reference Handler" daemon [_thread_blocked, id=94936, stack(0x000000162d000000,0x000000162d100000)]
  0x000001f0a797e800 JavaThread "Finalizer" daemon [_thread_blocked, id=94056, stack(0x000000162d100000,0x000000162d200000)]
  0x000001f0a798f800 JavaThread "Signal Dispatcher" daemon [_thread_blocked, id=95052, stack(0x000000162d200000,0x000000162d300000)]
  0x000001f0a7992800 JavaThread "Attach Listener" daemon [_thread_blocked, id=89024, stack(0x000000162d300000,0x000000162d400000)]
  0x000001f0a7994000 JavaThread "Service Thread" daemon [_thread_blocked, id=76312, stack(0x000000162d400000,0x000000162d500000)]
=>0x000001f0a7996000 JavaThread "C2 CompilerThread0" daemon [_thread_in_native, id=91236, stack(0x000000162d500000,0x000000162d600000)]
  0x000001f0a79f1800 JavaThread "C1 CompilerThread0" daemon [_thread_blocked, id=92640, stack(0x000000162d600000,0x000000162d700000)]
  0x000001f0a79f8000 JavaThread "Sweeper thread" daemon [_thread_blocked, id=94748, stack(0x000000162d700000,0x000000162d800000)]
  0x000001f0a7bb0800 JavaThread "Common-Cleaner" daemon [_thread_blocked, id=95160, stack(0x000000162d900000,0x000000162da00000)]
  0x000001f0a8e4f800 JavaThread "pool-2-thread-1" [_thread_in_native, id=94992, stack(0x000000162c700000,0x000000162c800000)]
  0x000001f0a7b53000 JavaThread "pool-1-thread-1" [_thread_in_Java, id=92480, stack(0x000000162db00000,0x000000162dc00000)]

Other Threads:
  0x000001f0a7944000 VMThread "VM Thread" [stack: 0x000000162cf00000,0x000000162d000000] [id=95072]
  0x000001f0a7ba9800 WatcherThread [stack: 0x000000162d800000,0x000000162d900000] [id=92144]
  0x000001f08fc14000 GCTaskThread "GC Thread#0" [stack: 0x000000162ca00000,0x000000162cb00000] [id=93908]
  0x000001f0a818e800 GCTaskThread "GC Thread#1" [stack: 0x000000162da00000,0x000000162db00000] [id=95028]
  0x000001f08fc24000 ConcurrentGCThread "G1 Main Marker" [stack: 0x000000162cb00000,0x000000162cc00000] [id=90368]
  0x000001f08fc27800 ConcurrentGCThread "G1 Conc#0" [stack: 0x000000162cc00000,0x000000162cd00000] [id=93784]
  0x000001f08fc75000 ConcurrentGCThread "G1 Refine#0" [stack: 0x000000162cd00000,0x000000162ce00000] [id=95196]
  0x000001f0a93a3000 ConcurrentGCThread "G1 Refine#1" [stack: 0x000000162dc00000,0x000000162dd00000] [id=93328]
  0x000001f08fc79800 ConcurrentGCThread "G1 Young RemSet Sampling" [stack: 0x000000162ce00000,0x000000162cf00000] [id=94644]

Threads with active compile tasks:
C2 CompilerThread0 406606 4128 %     4       opennlp.tools.ml.BeamSearch::bestSequences @ 242 (517 bytes)

VM state:not at safepoint (normal execution)

VM Mutex/Monitor currently owned by a thread: None

Heap address: 0x00000000e0000000, size: 512 MB, Compressed Oops mode: 32-bit
Narrow klass base: 0x0000000000000000, Narrow klass shift: 3
Compressed class space size: 1073741824 Address: 0x0000000100000000

Heap:
 garbage-first heap   total 162816K, used 133180K [0x00000000e0000000, 0x0000000100000000)
  region size 1024K, 8 young (8192K), 1 survivors (1024K)
 Metaspace       used 27339K, capacity 27806K, committed 27904K, reserved 1075200K
  class space    used 2845K, capacity 3062K, committed 3072K, reserved 1048576K
Heap Regions: E=young(eden), S=young(survivor), O=old, HS=humongous(starts), HC=humongous(continues), CS=collection set, F=free, A=archive, TAMS=top-at-mark-start (previous, next)
|   0|0x00000000e0000000, 0x00000000e0100000, 0x00000000e0100000|100%| O|  |TAMS 0x00000000e0100000, 0x00000000e0000000| Untracked 
|   1|0x00000000e0100000, 0x00000000e0200000, 0x00000000e0200000|100%| O|  |TAMS 0x00000000e0200000, 0x00000000e0100000| Untracked 
|   2|0x00000000e0200000, 0x00000000e0300000, 0x00000000e0300000|100%| O|  |TAMS 0x00000000e0300000, 0x00000000e0200000| Untracked 
|   3|0x00000000e0300000, 0x00000000e0400000, 0x00000000e0400000|100%| O|  |TAMS 0x00000000e0400000, 0x00000000e0300000| Untracked 
|   4|0x00000000e0400000, 0x00000000e0500000, 0x00000000e0500000|100%| O|  |TAMS 0x00000000e0500000, 0x00000000e0400000| Untracked 
|   5|0x00000000e0500000, 0x00000000e0600000, 0x00000000e0600000|100%| O|  |TAMS 0x00000000e0600000, 0x00000000e0500000| Untracked 
|   6|0x00000000e0600000, 0x00000000e0700000, 0x00000000e0700000|100%| O|  |TAMS 0x00000000e0700000, 0x00000000e0600000| Untracked 
|   7|0x00000000e0700000, 0x00000000e0800000, 0x00000000e0800000|100%| O|  |TAMS 0x00000000e0800000, 0x00000000e0700000| Untracked 
|   8|0x00000000e0800000, 0x00000000e0900000, 0x00000000e0900000|100%| O|  |TAMS 0x00000000e0900000, 0x00000000e0800000| Untracked 
|   9|0x00000000e0900000, 0x00000000e0a00000, 0x00000000e0a00000|100%| O|  |TAMS 0x00000000e0a00000, 0x00000000e0900000| Untracked 
|  10|0x00000000e0a00000, 0x00000000e0b00000, 0x00000000e0b00000|100%| O|  |TAMS 0x00000000e0b00000, 0x00000000e0a00000| Untracked 
|  11|0x00000000e0b00000, 0x00000000e0c00000, 0x00000000e0c00000|100%| O|  |TAMS 0x00000000e0c00000, 0x00000000e0b00000| Untracked 
|  12|0x00000000e0c00000, 0x00000000e0d00000, 0x00000000e0d00000|100%| O|  |TAMS 0x00000000e0d00000, 0x00000000e0c00000| Untracked 
|  13|0x00000000e0d00000, 0x00000000e0e00000, 0x00000000e0e00000|100%| O|  |TAMS 0x00000000e0e00000, 0x00000000e0d00000| Untracked 
|  14|0x00000000e0e00000, 0x00000000e0f00000, 0x00000000e0f00000|100%| O|  |TAMS 0x00000000e0f00000, 0x00000000e0e00000| Untracked 
|  15|0x00000000e0f00000, 0x00000000e1000000, 0x00000000e1000000|100%| O|  |TAMS 0x00000000e1000000, 0x00000000e0f00000| Untracked 
|  16|0x00000000e1000000, 0x00000000e1100000, 0x00000000e1100000|100%| O|  |TAMS 0x00000000e1100000, 0x00000000e1000000| Untracked 
|  17|0x00000000e1100000, 0x00000000e1200000, 0x00000000e1200000|100%| O|  |TAMS 0x00000000e1200000, 0x00000000e1100000| Untracked 
|  18|0x00000000e1200000, 0x00000000e1300000, 0x00000000e1300000|100%| O|  |TAMS 0x00000000e1300000, 0x00000000e1200000| Untracked 
|  19|0x00000000e1300000, 0x00000000e1400000, 0x00000000e1400000|100%| O|  |TAMS 0x00000000e1400000, 0x00000000e1300000| Untracked 
|  20|0x00000000e1400000, 0x00000000e1500000, 0x00000000e1500000|100%| O|  |TAMS 0x00000000e1500000, 0x00000000e1400000| Untracked 
|  21|0x00000000e1500000, 0x00000000e1600000, 0x00000000e1600000|100%| O|  |TAMS 0x00000000e1600000, 0x00000000e1500000| Untracked 
|  22|0x00000000e1600000, 0x00000000e1700000, 0x00000000e1700000|100%|HS|  |TAMS 0x00000000e1700000, 0x00000000e1600000| Complete 
|  23|0x00000000e1700000, 0x00000000e1800000, 0x00000000e1800000|100%| O|  |TAMS 0x00000000e1800000, 0x00000000e1700000| Untracked 
|  24|0x00000000e1800000, 0x00000000e1900000, 0x00000000e1900000|100%| O|  |TAMS 0x00000000e1900000, 0x00000000e1800000| Untracked 
|  25|0x00000000e1900000, 0x00000000e1a00000, 0x00000000e1a00000|100%| O|  |TAMS 0x00000000e1a00000, 0x00000000e1900000| Untracked 
|  26|0x00000000e1a00000, 0x00000000e1b00000, 0x00000000e1b00000|100%| O|  |TAMS 0x00000000e1b00000, 0x00000000e1a00000| Untracked 
|  27|0x00000000e1b00000, 0x00000000e1c00000, 0x00000000e1c00000|100%| O|  |TAMS 0x00000000e1c00000, 0x00000000e1b00000| Untracked 
|  28|0x00000000e1c00000, 0x00000000e1d00000, 0x00000000e1d00000|100%| O|  |TAMS 0x00000000e1c00000, 0x00000000e1c00000| Untracked 
|  29|0x00000000e1d00000, 0x00000000e1e00000, 0x00000000e1e00000|100%| O|  |TAMS 0x00000000e1e00000, 0x00000000e1d00000| Untracked 
|  30|0x00000000e1e00000, 0x00000000e1e00000, 0x00000000e1f00000|  0%| F|  |TAMS 0x00000000e1e00000, 0x00000000e1e00000| Untracked 
|  31|0x00000000e1f00000, 0x00000000e1f00000, 0x00000000e2000000|  0%| F|  |TAMS 0x00000000e1f00000, 0x00000000e1f00000| Untracked 
|  32|0x00000000e2000000, 0x00000000e2100000, 0x00000000e2100000|100%| O|  |TAMS 0x00000000e2100000, 0x00000000e2000000| Untracked 
|  33|0x00000000e2100000, 0x00000000e2200000, 0x00000000e2200000|100%| O|  |TAMS 0x00000000e2200000, 0x00000000e2100000| Untracked 
|  34|0x00000000e2200000, 0x00000000e2300000, 0x00000000e2300000|100%| O|  |TAMS 0x00000000e2300000, 0x00000000e2200000| Untracked 
|  35|0x00000000e2300000, 0x00000000e2400000, 0x00000000e2400000|100%| O|  |TAMS 0x00000000e2400000, 0x00000000e2300000| Untracked 
|  36|0x00000000e2400000, 0x00000000e2500000, 0x00000000e2500000|100%| O|  |TAMS 0x00000000e2500000, 0x00000000e2400000| Untracked 
|  37|0x00000000e2500000, 0x00000000e2600000, 0x00000000e2600000|100%| O|  |TAMS 0x00000000e2600000, 0x00000000e2500000| Untracked 
|  38|0x00000000e2600000, 0x00000000e2700000, 0x00000000e2700000|100%| O|  |TAMS 0x00000000e2600000, 0x00000000e2600000| Untracked 
|  39|0x00000000e2700000, 0x00000000e2700000, 0x00000000e2800000|  0%| F|  |TAMS 0x00000000e2700000, 0x00000000e2700000| Untracked 
|  40|0x00000000e2800000, 0x00000000e2900000, 0x00000000e2900000|100%| O|  |TAMS 0x00000000e2900000, 0x00000000e2800000| Untracked 
|  41|0x00000000e2900000, 0x00000000e2a00000, 0x00000000e2a00000|100%| O|  |TAMS 0x00000000e2980000, 0x00000000e2900000| Untracked 
|  42|0x00000000e2a00000, 0x00000000e2b00000, 0x00000000e2b00000|100%| O|  |TAMS 0x00000000e2b00000, 0x00000000e2a00000| Untracked 
|  43|0x00000000e2b00000, 0x00000000e2c00000, 0x00000000e2c00000|100%| O|  |TAMS 0x00000000e2c00000, 0x00000000e2b00000| Untracked 
|  44|0x00000000e2c00000, 0x00000000e2d00000, 0x00000000e2d00000|100%| O|  |TAMS 0x00000000e2d00000, 0x00000000e2c00000| Untracked 
|  45|0x00000000e2d00000, 0x00000000e2e00000, 0x00000000e2e00000|100%| O|  |TAMS 0x00000000e2e00000, 0x00000000e2d00000| Untracked 
|  46|0x00000000e2e00000, 0x00000000e2f00000, 0x00000000e2f00000|100%| O|  |TAMS 0x00000000e2f00000, 0x00000000e2e00000| Untracked 
|  47|0x00000000e2f00000, 0x00000000e3000000, 0x00000000e3000000|100%| O|  |TAMS 0x00000000e3000000, 0x00000000e2f00000| Untracked 
|  48|0x00000000e3000000, 0x00000000e3100000, 0x00000000e3100000|100%| O|  |TAMS 0x00000000e3100000, 0x00000000e3000000| Untracked 
|  49|0x00000000e3100000, 0x00000000e3200000, 0x00000000e3200000|100%| O|  |TAMS 0x00000000e3200000, 0x00000000e3100000| Untracked 
|  50|0x00000000e3200000, 0x00000000e3300000, 0x00000000e3300000|100%| O|  |TAMS 0x00000000e3300000, 0x00000000e3200000| Untracked 
|  51|0x00000000e3300000, 0x00000000e3400000, 0x00000000e3400000|100%| O|  |TAMS 0x00000000e3400000, 0x00000000e3300000| Untracked 
|  52|0x00000000e3400000, 0x00000000e3500000, 0x00000000e3500000|100%| O|  |TAMS 0x00000000e3500000, 0x00000000e3400000| Untracked 
|  53|0x00000000e3500000, 0x00000000e3600000, 0x00000000e3600000|100%| O|  |TAMS 0x00000000e3600000, 0x00000000e3500000| Untracked 
|  54|0x00000000e3600000, 0x00000000e3700000, 0x00000000e3700000|100%| O|  |TAMS 0x00000000e3700000, 0x00000000e3600000| Untracked 
|  55|0x00000000e3700000, 0x00000000e3800000, 0x00000000e3800000|100%| O|  |TAMS 0x00000000e3800000, 0x00000000e3700000| Untracked 
|  56|0x00000000e3800000, 0x00000000e3900000, 0x00000000e3900000|100%| O|  |TAMS 0x00000000e3900000, 0x00000000e3800000| Untracked 
|  57|0x00000000e3900000, 0x00000000e3a00000, 0x00000000e3a00000|100%| O|  |TAMS 0x00000000e3a00000, 0x00000000e3900000| Untracked 
|  58|0x00000000e3a00000, 0x00000000e3b00000, 0x00000000e3b00000|100%| O|  |TAMS 0x00000000e3b00000, 0x00000000e3a00000| Untracked 
|  59|0x00000000e3b00000, 0x00000000e3c00000, 0x00000000e3c00000|100%| O|  |TAMS 0x00000000e3c00000, 0x00000000e3b00000| Untracked 
|  60|0x00000000e3c00000, 0x00000000e3d00000, 0x00000000e3d00000|100%| O|  |TAMS 0x00000000e3d00000, 0x00000000e3c00000| Untracked 
|  61|0x00000000e3d00000, 0x00000000e3e00000, 0x00000000e3e00000|100%| O|  |TAMS 0x00000000e3e00000, 0x00000000e3d00000| Untracked 
|  62|0x00000000e3e00000, 0x00000000e3f00000, 0x00000000e3f00000|100%| O|  |TAMS 0x00000000e3f00000, 0x00000000e3e00000| Untracked 
|  63|0x00000000e3f00000, 0x00000000e4000000, 0x00000000e4000000|100%| O|  |TAMS 0x00000000e4000000, 0x00000000e3f00000| Untracked 
|  64|0x00000000e4000000, 0x00000000e4100000, 0x00000000e4100000|100%| O|  |TAMS 0x00000000e4100000, 0x00000000e4000000| Untracked 
|  65|0x00000000e4100000, 0x00000000e4200000, 0x00000000e4200000|100%| O|  |TAMS 0x00000000e4200000, 0x00000000e4100000| Untracked 
|  66|0x00000000e4200000, 0x00000000e4300000, 0x00000000e4300000|100%| O|  |TAMS 0x00000000e4300000, 0x00000000e4200000| Untracked 
|  67|0x00000000e4300000, 0x00000000e4400000, 0x00000000e4400000|100%|HS|  |TAMS 0x00000000e4400000, 0x00000000e4300000| Complete 
|  68|0x00000000e4400000, 0x00000000e4500000, 0x00000000e4500000|100%|HC|  |TAMS 0x00000000e4500000, 0x00000000e4400000| Complete 
|  69|0x00000000e4500000, 0x00000000e4600000, 0x00000000e4600000|100%| O|  |TAMS 0x00000000e4600000, 0x00000000e4500000| Untracked 
|  70|0x00000000e4600000, 0x00000000e46ca000, 0x00000000e4700000| 78%| O|  |TAMS 0x00000000e4600000, 0x00000000e4600000| Untracked 
|  71|0x00000000e4700000, 0x00000000e4800000, 0x00000000e4800000|100%| O|  |TAMS 0x00000000e4800000, 0x00000000e4700000| Untracked 
|  72|0x00000000e4800000, 0x00000000e4900000, 0x00000000e4900000|100%| O|  |TAMS 0x00000000e4900000, 0x00000000e4800000| Untracked 
|  73|0x00000000e4900000, 0x00000000e4900000, 0x00000000e4a00000|  0%| F|  |TAMS 0x00000000e4900000, 0x00000000e4900000| Untracked 
|  74|0x00000000e4a00000, 0x00000000e4a00000, 0x00000000e4b00000|  0%| F|  |TAMS 0x00000000e4a00000, 0x00000000e4a00000| Untracked 
|  75|0x00000000e4b00000, 0x00000000e4c00000, 0x00000000e4c00000|100%| O|  |TAMS 0x00000000e4c00000, 0x00000000e4b00000| Untracked 
|  76|0x00000000e4c00000, 0x00000000e4d00000, 0x00000000e4d00000|100%| O|  |TAMS 0x00000000e4d00000, 0x00000000e4c00000| Untracked 
|  77|0x00000000e4d00000, 0x00000000e4e00000, 0x00000000e4e00000|100%| O|  |TAMS 0x00000000e4e00000, 0x00000000e4d00000| Untracked 
|  78|0x00000000e4e00000, 0x00000000e4f00000, 0x00000000e4f00000|100%| O|  |TAMS 0x00000000e4f00000, 0x00000000e4e00000| Untracked 
|  79|0x00000000e4f00000, 0x00000000e5000000, 0x00000000e5000000|100%| O|  |TAMS 0x00000000e5000000, 0x00000000e4f00000| Untracked 
|  80|0x00000000e5000000, 0x00000000e5100000, 0x00000000e5100000|100%| O|  |TAMS 0x00000000e5100000, 0x00000000e5000000| Untracked 
|  81|0x00000000e5100000, 0x00000000e5200000, 0x00000000e5200000|100%| O|  |TAMS 0x00000000e5200000, 0x00000000e5100000| Untracked 
|  82|0x00000000e5200000, 0x00000000e5300000, 0x00000000e5300000|100%| O|  |TAMS 0x00000000e5300000, 0x00000000e5200000| Untracked 
|  83|0x00000000e5300000, 0x00000000e5400000, 0x00000000e5400000|100%| O|  |TAMS 0x00000000e5400000, 0x00000000e5300000| Untracked 
|  84|0x00000000e5400000, 0x00000000e5500000, 0x00000000e5500000|100%| O|  |TAMS 0x00000000e5500000, 0x00000000e5400000| Untracked 
|  85|0x00000000e5500000, 0x00000000e5600000, 0x00000000e5600000|100%| O|  |TAMS 0x00000000e5600000, 0x00000000e5500000| Untracked 
|  86|0x00000000e5600000, 0x00000000e5600000, 0x00000000e5700000|  0%| F|  |TAMS 0x00000000e5600000, 0x00000000e5600000| Untracked 
|  87|0x00000000e5700000, 0x00000000e5700000, 0x00000000e5800000|  0%| F|  |TAMS 0x00000000e5700000, 0x00000000e5700000| Untracked 
|  88|0x00000000e5800000, 0x00000000e5800000, 0x00000000e5900000|  0%| F|  |TAMS 0x00000000e5800000, 0x00000000e5800000| Untracked 
|  89|0x00000000e5900000, 0x00000000e5a00000, 0x00000000e5a00000|100%|HS|  |TAMS 0x00000000e5a00000, 0x00000000e5900000| Complete 
|  90|0x00000000e5a00000, 0x00000000e5b00000, 0x00000000e5b00000|100%|HC|  |TAMS 0x00000000e5b00000, 0x00000000e5a00000| Complete 
|  91|0x00000000e5b00000, 0x00000000e5c00000, 0x00000000e5c00000|100%| O|  |TAMS 0x00000000e5c00000, 0x00000000e5b00000| Untracked 
|  92|0x00000000e5c00000, 0x00000000e5d00000, 0x00000000e5d00000|100%| O|  |TAMS 0x00000000e5d00000, 0x00000000e5c00000| Untracked 
|  93|0x00000000e5d00000, 0x00000000e5e00000, 0x00000000e5e00000|100%| O|  |TAMS 0x00000000e5e00000, 0x00000000e5d00000| Untracked 
|  94|0x00000000e5e00000, 0x00000000e5f00000, 0x00000000e5f00000|100%| O|  |TAMS 0x00000000e5f00000, 0x00000000e5e00000| Untracked 
|  95|0x00000000e5f00000, 0x00000000e6000000, 0x00000000e6000000|100%| O|  |TAMS 0x00000000e6000000, 0x00000000e5f00000| Untracked 
|  96|0x00000000e6000000, 0x00000000e6100000, 0x00000000e6100000|100%| O|  |TAMS 0x00000000e6100000, 0x00000000e6000000| Untracked 
|  97|0x00000000e6100000, 0x00000000e6200000, 0x00000000e6200000|100%| O|  |TAMS 0x00000000e6200000, 0x00000000e6100000| Untracked 
|  98|0x00000000e6200000, 0x00000000e6300000, 0x00000000e6300000|100%| O|  |TAMS 0x00000000e6300000, 0x00000000e6200000| Untracked 
|  99|0x00000000e6300000, 0x00000000e6400000, 0x00000000e6400000|100%| O|  |TAMS 0x00000000e6400000, 0x00000000e6300000| Untracked 
| 100|0x00000000e6400000, 0x00000000e6500000, 0x00000000e6500000|100%| O|  |TAMS 0x00000000e6500000, 0x00000000e6400000| Untracked 
| 101|0x00000000e6500000, 0x00000000e6600000, 0x00000000e6600000|100%| O|  |TAMS 0x00000000e6600000, 0x00000000e6500000| Untracked 
| 102|0x00000000e6600000, 0x00000000e6700000, 0x00000000e6700000|100%| O|  |TAMS 0x00000000e6700000, 0x00000000e6600000| Untracked 
| 103|0x00000000e6700000, 0x00000000e6700000, 0x00000000e6800000|  0%| F|  |TAMS 0x00000000e6700000, 0x00000000e6700000| Untracked 
| 104|0x00000000e6800000, 0x00000000e6800000, 0x00000000e6900000|  0%| F|  |TAMS 0x00000000e6800000, 0x00000000e6800000| Untracked 
| 105|0x00000000e6900000, 0x00000000e6900000, 0x00000000e6a00000|  0%| F|  |TAMS 0x00000000e6900000, 0x00000000e6900000| Untracked 
| 106|0x00000000e6a00000, 0x00000000e6a00000, 0x00000000e6b00000|  0%| F|  |TAMS 0x00000000e6a00000, 0x00000000e6a00000| Untracked 
| 107|0x00000000e6b00000, 0x00000000e6b00000, 0x00000000e6c00000|  0%| F|  |TAMS 0x00000000e6b00000, 0x00000000e6b00000| Untracked 
| 108|0x00000000e6c00000, 0x00000000e6c00000, 0x00000000e6d00000|  0%| F|  |TAMS 0x00000000e6c00000, 0x00000000e6c00000| Untracked 
| 109|0x00000000e6d00000, 0x00000000e6d00000, 0x00000000e6e00000|  0%| F|  |TAMS 0x00000000e6d00000, 0x00000000e6d00000| Untracked 
| 110|0x00000000e6e00000, 0x00000000e6e00000, 0x00000000e6f00000|  0%| F|  |TAMS 0x00000000e6e00000, 0x00000000e6e00000| Untracked 
| 111|0x00000000e6f00000, 0x00000000e6f00000, 0x00000000e7000000|  0%| F|  |TAMS 0x00000000e6f00000, 0x00000000e6f00000| Untracked 
| 112|0x00000000e7000000, 0x00000000e7000000, 0x00000000e7100000|  0%| F|  |TAMS 0x00000000e7000000, 0x00000000e7000000| Untracked 
| 113|0x00000000e7100000, 0x00000000e7100000, 0x00000000e7200000|  0%| F|  |TAMS 0x00000000e7100000, 0x00000000e7100000| Untracked 
| 114|0x00000000e7200000, 0x00000000e7300000, 0x00000000e7300000|100%| O|  |TAMS 0x00000000e7300000, 0x00000000e7200000| Untracked 
| 115|0x00000000e7300000, 0x00000000e7400000, 0x00000000e7400000|100%| O|  |TAMS 0x00000000e7400000, 0x00000000e7300000| Untracked 
| 116|0x00000000e7400000, 0x00000000e7500000, 0x00000000e7500000|100%| O|  |TAMS 0x00000000e7500000, 0x00000000e7400000| Untracked 
| 117|0x00000000e7500000, 0x00000000e7600000, 0x00000000e7600000|100%| O|  |TAMS 0x00000000e7600000, 0x00000000e7500000| Untracked 
| 118|0x00000000e7600000, 0x00000000e7700000, 0x00000000e7700000|100%| O|  |TAMS 0x00000000e7700000, 0x00000000e7600000| Untracked 
| 119|0x00000000e7700000, 0x00000000e7800000, 0x00000000e7800000|100%| O|  |TAMS 0x00000000e7800000, 0x00000000e7700000| Untracked 
| 120|0x00000000e7800000, 0x00000000e7900000, 0x00000000e7900000|100%| O|  |TAMS 0x00000000e7900000, 0x00000000e7800000| Untracked 
| 121|0x00000000e7900000, 0x00000000e7a00000, 0x00000000e7a00000|100%| O|  |TAMS 0x00000000e7a00000, 0x00000000e7900000| Untracked 
| 122|0x00000000e7a00000, 0x00000000e7b00000, 0x00000000e7b00000|100%| O|  |TAMS 0x00000000e7b00000, 0x00000000e7a00000| Untracked 
| 123|0x00000000e7b00000, 0x00000000e7c00000, 0x00000000e7c00000|100%| O|  |TAMS 0x00000000e7c00000, 0x00000000e7b00000| Untracked 
| 124|0x00000000e7c00000, 0x00000000e7d00000, 0x00000000e7d00000|100%| O|  |TAMS 0x00000000e7d00000, 0x00000000e7c00000| Untracked 
| 125|0x00000000e7d00000, 0x00000000e7e00000, 0x00000000e7e00000|100%| O|  |TAMS 0x00000000e7e00000, 0x00000000e7d00000| Untracked 
| 126|0x00000000e7e00000, 0x00000000e7f00000, 0x00000000e7f00000|100%| O|  |TAMS 0x00000000e7f00000, 0x00000000e7e00000| Untracked 
| 127|0x00000000e7f00000, 0x00000000e8000000, 0x00000000e8000000|100%| O|  |TAMS 0x00000000e8000000, 0x00000000e7f00000| Untracked 
| 128|0x00000000e8000000, 0x00000000e8100000, 0x00000000e8100000|100%| O|  |TAMS 0x00000000e8100000, 0x00000000e8000000| Untracked 
| 129|0x00000000e8100000, 0x00000000e8200000, 0x00000000e8200000|100%| O|  |TAMS 0x00000000e8200000, 0x00000000e8100000| Untracked 
| 130|0x00000000e8200000, 0x00000000e8300000, 0x00000000e8300000|100%| O|  |TAMS 0x00000000e8300000, 0x00000000e8200000| Untracked 
| 131|0x00000000e8300000, 0x00000000e8400000, 0x00000000e8400000|100%| O|  |TAMS 0x00000000e8400000, 0x00000000e8300000| Untracked 
| 132|0x00000000e8400000, 0x00000000e8500000, 0x00000000e8500000|100%| O|  |TAMS 0x00000000e8500000, 0x00000000e8400000| Untracked 
| 133|0x00000000e8500000, 0x00000000e8600000, 0x00000000e8600000|100%| O|  |TAMS 0x00000000e8600000, 0x00000000e8500000| Untracked 
| 134|0x00000000e8600000, 0x00000000e8700000, 0x00000000e8700000|100%| O|  |TAMS 0x00000000e8700000, 0x00000000e8600000| Untracked 
| 135|0x00000000e8700000, 0x00000000e8700000, 0x00000000e8800000|  0%| F|  |TAMS 0x00000000e8700000, 0x00000000e8700000| Untracked 
| 136|0x00000000e8800000, 0x00000000e8900000, 0x00000000e8900000|100%| O|  |TAMS 0x00000000e8900000, 0x00000000e8800000| Untracked 
| 137|0x00000000e8900000, 0x00000000e8900000, 0x00000000e8a00000|  0%| F|  |TAMS 0x00000000e8900000, 0x00000000e8900000| Untracked 
| 138|0x00000000e8a00000, 0x00000000e8a45370, 0x00000000e8b00000| 27%| S|CS|TAMS 0x00000000e8a00000, 0x00000000e8a00000| Complete 
| 139|0x00000000e8b00000, 0x00000000e8b00000, 0x00000000e8c00000|  0%| F|  |TAMS 0x00000000e8b00000, 0x00000000e8b00000| Untracked 
| 140|0x00000000e8c00000, 0x00000000e8c00000, 0x00000000e8d00000|  0%| F|  |TAMS 0x00000000e8c00000, 0x00000000e8c00000| Untracked 
| 141|0x00000000e8d00000, 0x00000000e8d00000, 0x00000000e8e00000|  0%| F|  |TAMS 0x00000000e8d00000, 0x00000000e8d00000| Untracked 
| 142|0x00000000e8e00000, 0x00000000e8e00000, 0x00000000e8f00000|  0%| F|  |TAMS 0x00000000e8e00000, 0x00000000e8e00000| Untracked 
| 143|0x00000000e8f00000, 0x00000000e8f00000, 0x00000000e9000000|  0%| F|  |TAMS 0x00000000e8f00000, 0x00000000e8f00000| Untracked 
| 144|0x00000000e9000000, 0x00000000e9100000, 0x00000000e9100000|100%| O|  |TAMS 0x00000000e9100000, 0x00000000e9000000| Untracked 
| 145|0x00000000e9100000, 0x00000000e9200000, 0x00000000e9200000|100%| O|  |TAMS 0x00000000e9200000, 0x00000000e9100000| Untracked 
| 146|0x00000000e9200000, 0x00000000e9300000, 0x00000000e9300000|100%| O|  |TAMS 0x00000000e9300000, 0x00000000e9200000| Untracked 
| 147|0x00000000e9300000, 0x00000000e9400000, 0x00000000e9400000|100%| O|  |TAMS 0x00000000e9400000, 0x00000000e9300000| Untracked 
| 148|0x00000000e9400000, 0x00000000e9500000, 0x00000000e9500000|100%| O|  |TAMS 0x00000000e9500000, 0x00000000e9400000| Untracked 
| 149|0x00000000e9500000, 0x00000000e9500000, 0x00000000e9600000|  0%| F|  |TAMS 0x00000000e9500000, 0x00000000e9500000| Untracked 
| 150|0x00000000e9600000, 0x00000000e9685808, 0x00000000e9700000| 52%| E|  |TAMS 0x00000000e9600000, 0x00000000e9600000| Complete 
| 151|0x00000000e9700000, 0x00000000e9800000, 0x00000000e9800000|100%| E|CS|TAMS 0x00000000e9700000, 0x00000000e9700000| Complete 
| 152|0x00000000e9800000, 0x00000000e9900000, 0x00000000e9900000|100%| E|CS|TAMS 0x00000000e9800000, 0x00000000e9800000| Complete 
| 153|0x00000000e9900000, 0x00000000e9a00000, 0x00000000e9a00000|100%| E|CS|TAMS 0x00000000e9900000, 0x00000000e9900000| Complete 
| 154|0x00000000e9a00000, 0x00000000e9b00000, 0x00000000e9b00000|100%| E|CS|TAMS 0x00000000e9a00000, 0x00000000e9a00000| Complete 
| 155|0x00000000e9b00000, 0x00000000e9c00000, 0x00000000e9c00000|100%| E|CS|TAMS 0x00000000e9b00000, 0x00000000e9b00000| Complete 
| 156|0x00000000e9c00000, 0x00000000e9d00000, 0x00000000e9d00000|100%| E|CS|TAMS 0x00000000e9c00000, 0x00000000e9c00000| Complete 
| 157|0x00000000e9d00000, 0x00000000e9e00000, 0x00000000e9e00000|100%| O|  |TAMS 0x00000000e9e00000, 0x00000000e9d00000| Untracked 
| 158|0x00000000e9e00000, 0x00000000e9f00000, 0x00000000e9f00000|100%| O|  |TAMS 0x00000000e9f00000, 0x00000000e9e00000| Untracked 

Card table byte_map: [0x000001f08f8c0000,0x000001f08f9c0000] _byte_map_base: 0x000001f08f1c0000

Marking Bits (Prev, Next): (CMBitMap*) 0x000001f08fc213e8, (CMBitMap*) 0x000001f08fc21420
 Prev Bits: [0x000001f0a3de0000, 0x000001f0a45e0000)
 Next Bits: [0x000001f0a45e0000, 0x000001f0a4de0000)

Polling page: 0x000001f08dbc0000

Metaspace:

Usage:
  Non-class:     24.16 MB capacity,    23.92 MB ( 99%) used,   191.77 KB ( <1%) free+waste,    58.31 KB ( <1%) overhead. 
      Class:      2.99 MB capacity,     2.78 MB ( 93%) used,   191.39 KB (  6%) free+waste,    25.25 KB ( <1%) overhead. 
       Both:     27.15 MB capacity,    26.70 MB ( 98%) used,   383.16 KB (  1%) free+waste,    83.56 KB ( <1%) overhead. 

Virtual space:
  Non-class space:       26.00 MB reserved,      24.25 MB ( 93%) committed 
      Class space:        1.00 GB reserved,       3.00 MB ( <1%) committed 
             Both:        1.03 GB reserved,      27.25 MB (  3%) committed 

Chunk freelists:
   Non-Class:  24.00 KB
       Class:  10.00 KB
        Both:  34.00 KB

MaxMetaspaceSize: 17179869184.00 GB
CompressedClassSpaceSize: 1.00 GB
Initial GC threshold: 20.80 MB
Current GC threshold: 45.42 MB
CDS: off

CodeHeap 'non-profiled nmethods': size=120064Kb used=3673Kb max_used=3673Kb free=116390Kb
 bounds [0x000001f09c8a0000, 0x000001f09cc40000, 0x000001f0a3de0000]
CodeHeap 'profiled nmethods': size=120000Kb used=9783Kb max_used=9783Kb free=110216Kb
 bounds [0x000001f095370000, 0x000001f095d00000, 0x000001f09c8a0000]
CodeHeap 'non-nmethods': size=5696Kb used=1248Kb max_used=1287Kb free=4447Kb
 bounds [0x000001f094de0000, 0x000001f095050000, 0x000001f095370000]
 total_blobs=4504 nmethods=3980 adapters=436
 compilation: enabled
              stopped_count=0, restarted_count=0
 full_count=0

Compilation events (20 events):
Event: 404.580 Thread 0x000001f0a7996000 nmethod 4118% 0x000001f09cc2f410 code [0x000001f09cc2f5c0, 0x000001f09cc2f838]
Event: 404.580 Thread 0x000001f0a7996000 4119       4       opennlp.tools.util.TokenTag::extractTags (31 bytes)
Event: 404.592 Thread 0x000001f0a7996000 nmethod 4119 0x000001f09cc2fa10 code [0x000001f09cc2fbc0, 0x000001f09cc2feb8]
Event: 404.757 Thread 0x000001f0a79f1800 4120       3       opennlp.tools.chunker.DefaultChunkerContextGenerator::getContext (13 bytes)
Event: 404.758 Thread 0x000001f0a79f1800 nmethod 4120 0x000001f095ce0290 code [0x000001f095ce0480, 0x000001f095ce0848]
Event: 404.758 Thread 0x000001f0a7996000 4121       4       opennlp.tools.util.Sequence::compareTo (9 bytes)
Event: 404.761 Thread 0x000001f0a7996000 nmethod 4121 0x000001f09cc30010 code [0x000001f09cc301a0, 0x000001f09cc30298]
Event: 404.844 Thread 0x000001f0a7996000 4122       4       java.util.PriorityQueue::add (6 bytes)
Event: 404.863 Thread 0x000001f0a7996000 nmethod 4122 0x000001f09cc30390 code [0x000001f09cc30560, 0x000001f09cc30b28]
Event: 404.868 Thread 0x000001f0a7996000 4123       4       java.util.PriorityQueue::offer (58 bytes)
Event: 404.887 Thread 0x000001f0a7996000 nmethod 4123 0x000001f09cc30f10 code [0x000001f09cc310e0, 0x000001f09cc316a8]
Event: 404.903 Thread 0x000001f0a7996000 4124       4       opennlp.tools.util.Sequence::<init> (115 bytes)
Event: 405.032 Thread 0x000001f0a7996000 nmethod 4124 0x000001f09cc31a90 code [0x000001f09cc31d00, 0x000001f09cc34028]
Event: 405.090 Thread 0x000001f0a79f1800 4125       3       opennlp.tools.chunker.DefaultChunkerContextGenerator::getContext (1223 bytes)
Event: 405.153 Thread 0x000001f0a79f1800 nmethod 4125 0x000001f095ce0a10 code [0x000001f095ce2ac0, 0x000001f095cf7658]
Event: 405.278 Thread 0x000001f0a7996000 4126       4       opennlp.tools.chunker.DefaultChunkerSequenceValidator::validOutcome (46 bytes)
Event: 405.319 Thread 0x000001f0a7996000 nmethod 4126 0x000001f09cc34d10 code [0x000001f09cc34f00, 0x000001f09cc35c38]
Event: 405.319 Thread 0x000001f0a7996000 4127       4       opennlp.tools.chunker.DefaultChunkerSequenceValidator::validSequence (13 bytes)
Event: 405.323 Thread 0x000001f0a7996000 nmethod 4127 0x000001f09cc36110 code [0x000001f09cc362c0, 0x000001f09cc363e8]
Event: 405.970 Thread 0x000001f0a7996000 4128 %     4       opennlp.tools.ml.BeamSearch::bestSequences @ 242 (517 bytes)

GC Heap History (20 events):
Event: 402.677 GC heap before
{Heap before GC invocations=53 (full 0):
 garbage-first heap   total 162816K, used 154624K [0x00000000e0000000, 0x0000000100000000)
  region size 1024K, 7 young (7168K), 1 survivors (1024K)
 Metaspace       used 27182K, capacity 27646K, committed 27904K, reserved 1075200K
  class space    used 2834K, capacity 3030K, committed 3072K, reserved 1048576K
}
Event: 402.735 GC heap after
{Heap after GC invocations=54 (full 0):
 garbage-first heap   total 162816K, used 149504K [0x00000000e0000000, 0x0000000100000000)
  region size 1024K, 1 young (1024K), 1 survivors (1024K)
 Metaspace       used 27182K, capacity 27646K, committed 27904K, reserved 1075200K
  class space    used 2834K, capacity 3030K, committed 3072K, reserved 1048576K
}
Event: 403.447 GC heap before
{Heap before GC invocations=54 (full 0):
 garbage-first heap   total 162816K, used 155648K [0x00000000e0000000, 0x0000000100000000)
  region size 1024K, 7 young (7168K), 1 survivors (1024K)
 Metaspace       used 27293K, capacity 27774K, committed 27904K, reserved 1075200K
  class space    used 2841K, capacity 3030K, committed 3072K, reserved 1048576K
}
Event: 403.475 GC heap after
{Heap after GC invocations=55 (full 0):
 garbage-first heap   total 162816K, used 149181K [0x00000000e0000000, 0x0000000100000000)
  region size 1024K, 1 young (1024K), 1 survivors (1024K)
 Metaspace       used 27293K, capacity 27774K, committed 27904K, reserved 1075200K
  class space    used 2841K, capacity 3030K, committed 3072K, reserved 1048576K
}
Event: 403.509 GC heap before
{Heap before GC invocations=55 (full 0):
 garbage-first heap   total 162816K, used 155325K [0x00000000e0000000, 0x0000000100000000)
  region size 1024K, 7 young (7168K), 1 survivors (1024K)
 Metaspace       used 27294K, capacity 27774K, committed 27904K, reserved 1075200K
  class space    used 2841K, capacity 3030K, committed 3072K, reserved 1048576K
}
Event: 403.512 GC heap after
{Heap after GC invocations=56 (full 0):
 garbage-first heap   total 162816K, used 149106K [0x00000000e0000000, 0x0000000100000000)
  region size 1024K, 1 young (1024K), 1 survivors (1024K)
 Metaspace       used 27294K, capacity 27774K, committed 27904K, reserved 1075200K
  class space    used 2841K, capacity 3030K, committed 3072K, reserved 1048576K
}
Event: 403.576 GC heap before
{Heap before GC invocations=56 (full 0):
 garbage-first heap   total 162816K, used 155250K [0x00000000e0000000, 0x0000000100000000)
  region size 1024K, 7 young (7168K), 1 survivors (1024K)
 Metaspace       used 27299K, capacity 27774K, committed 27904K, reserved 1075200K
  class space    used 2841K, capacity 3030K, committed 3072K, reserved 1048576K
}
Event: 403.578 GC heap after
{Heap after GC invocations=57 (full 0):
 garbage-first heap   total 162816K, used 149080K [0x00000000e0000000, 0x0000000100000000)
  region size 1024K, 1 young (1024K), 1 survivors (1024K)
 Metaspace       used 27299K, capacity 27774K, committed 27904K, reserved 1075200K
  class space    used 2841K, capacity 3030K, committed 3072K, reserved 1048576K
}
Event: 405.212 GC heap before
{Heap before GC invocations=58 (full 0):
 garbage-first heap   total 162816K, used 137816K [0x00000000e0000000, 0x0000000100000000)
  region size 1024K, 7 young (7168K), 1 survivors (1024K)
 Metaspace       used 27339K, capacity 27806K, committed 27904K, reserved 1075200K
  class space    used 2845K, capacity 3062K, committed 3072K, reserved 1048576K
}
Event: 405.214 GC heap after
{Heap after GC invocations=59 (full 0):
 garbage-first heap   total 162816K, used 131690K [0x00000000e0000000, 0x0000000100000000)
  region size 1024K, 1 young (1024K), 1 survivors (1024K)
 Metaspace       used 27339K, capacity 27806K, committed 27904K, reserved 1075200K
  class space    used 2845K, capacity 3062K, committed 3072K, reserved 1048576K
}
Event: 405.603 GC heap before
{Heap before GC invocations=59 (full 0):
 garbage-first heap   total 162816K, used 137834K [0x00000000e0000000, 0x0000000100000000)
  region size 1024K, 7 young (7168K), 1 survivors (1024K)
 Metaspace       used 27339K, capacity 27806K, committed 27904K, reserved 1075200K
  class space    used 2845K, capacity 3062K, committed 3072K, reserved 1048576K
}
Event: 405.685 GC heap after
{Heap after GC invocations=60 (full 0):
 garbage-first heap   total 162816K, used 126918K [0x00000000e0000000, 0x0000000100000000)
  region size 1024K, 1 young (1024K), 1 survivors (1024K)
 Metaspace       used 27339K, capacity 27806K, committed 27904K, reserved 1075200K
  class space    used 2845K, capacity 3062K, committed 3072K, reserved 1048576K
}
Event: 405.714 GC heap before
{Heap before GC invocations=60 (full 0):
 garbage-first heap   total 162816K, used 136134K [0x00000000e0000000, 0x0000000100000000)
  region size 1024K, 10 young (10240K), 1 survivors (1024K)
 Metaspace       used 27339K, capacity 27806K, committed 27904K, reserved 1075200K
  class space    used 2845K, capacity 3062K, committed 3072K, reserved 1048576K
}
Event: 405.718 GC heap after
{Heap after GC invocations=61 (full 0):
 garbage-first heap   total 162816K, used 126902K [0x00000000e0000000, 0x0000000100000000)
  region size 1024K, 1 young (1024K), 1 survivors (1024K)
 Metaspace       used 27339K, capacity 27806K, committed 27904K, reserved 1075200K
  class space    used 2845K, capacity 3062K, committed 3072K, reserved 1048576K
}
Event: 405.745 GC heap before
{Heap before GC invocations=61 (full 0):
 garbage-first heap   total 162816K, used 137142K [0x00000000e0000000, 0x0000000100000000)
  region size 1024K, 11 young (11264K), 1 survivors (1024K)
 Metaspace       used 27339K, capacity 27806K, committed 27904K, reserved 1075200K
  class space    used 2845K, capacity 3062K, committed 3072K, reserved 1048576K
}
Event: 405.747 GC heap after
{Heap after GC invocations=62 (full 0):
 garbage-first heap   total 162816K, used 127001K [0x00000000e0000000, 0x0000000100000000)
  region size 1024K, 1 young (1024K), 1 survivors (1024K)
 Metaspace       used 27339K, capacity 27806K, committed 27904K, reserved 1075200K
  class space    used 2845K, capacity 3062K, committed 3072K, reserved 1048576K
}
Event: 406.129 GC heap before
{Heap before GC invocations=62 (full 0):
 garbage-first heap   total 162816K, used 138265K [0x00000000e0000000, 0x0000000100000000)
  region size 1024K, 12 young (12288K), 1 survivors (1024K)
 Metaspace       used 27339K, capacity 27806K, committed 27904K, reserved 1075200K
  class space    used 2845K, capacity 3062K, committed 3072K, reserved 1048576K
}
Event: 406.143 GC heap after
{Heap after GC invocations=63 (full 0):
 garbage-first heap   total 162816K, used 126981K [0x00000000e0000000, 0x0000000100000000)
  region size 1024K, 1 young (1024K), 1 survivors (1024K)
 Metaspace       used 27339K, capacity 27806K, committed 27904K, reserved 1075200K
  class space    used 2845K, capacity 3062K, committed 3072K, reserved 1048576K
}
Event: 406.161 GC heap before
{Heap before GC invocations=63 (full 0):
 garbage-first heap   total 162816K, used 139269K [0x00000000e0000000, 0x0000000100000000)
  region size 1024K, 13 young (13312K), 1 survivors (1024K)
 Metaspace       used 27339K, capacity 27806K, committed 27904K, reserved 1075200K
  class space    used 2845K, capacity 3062K, committed 3072K, reserved 1048576K
}
Event: 406.164 GC heap after
{Heap after GC invocations=64 (full 0):
 garbage-first heap   total 162816K, used 127036K [0x00000000e0000000, 0x0000000100000000)
  region size 1024K, 1 young (1024K), 1 survivors (1024K)
 Metaspace       used 27339K, capacity 27806K, committed 27904K, reserved 1075200K
  class space    used 2845K, capacity 3062K, committed 3072K, reserved 1048576K
}

Deoptimization events (20 events):
Event: 403.156 Thread 0x000001f0a7b53000 DEOPT PACKING pc=0x000001f095ca9f5b sp=0x000000162dbfe0a0
Event: 403.156 Thread 0x000001f0a7b53000 DEOPT UNPACKING pc=0x000001f094e2a95e sp=0x000000162dbfd4f8 mode 0
Event: 403.157 Thread 0x000001f0a7b53000 DEOPT PACKING pc=0x000001f095ca9f5b sp=0x000000162dbfe0a0
Event: 403.157 Thread 0x000001f0a7b53000 DEOPT UNPACKING pc=0x000001f094e2a95e sp=0x000000162dbfd4f8 mode 0
Event: 403.503 Thread 0x000001f0a7b53000 Uncommon trap: trap_request=0xffffffcc fr.pc=0x000001f09cc2b6d0 relative=0x0000000000000210
Event: 403.503 Thread 0x000001f0a7b53000 Uncommon trap: reason=intrinsic_or_type_checked_inlining action=make_not_entrant pc=0x000001f09cc2b6d0 method=java.util.ArrayList.toArray([Ljava/lang/Object;)[Ljava/lang/Object; @ 36 c2
Event: 403.503 Thread 0x000001f0a7b53000 DEOPT PACKING pc=0x000001f09cc2b6d0 sp=0x000000162dbfe310
Event: 403.503 Thread 0x000001f0a7b53000 DEOPT UNPACKING pc=0x000001f094e2a1af sp=0x000000162dbfe2c0 mode 2
Event: 404.428 Thread 0x000001f0a7b53000 Uncommon trap: trap_request=0xffffff4d fr.pc=0x000001f09cc2d440 relative=0x00000000000000a0
Event: 404.428 Thread 0x000001f0a7b53000 Uncommon trap: reason=unstable_if action=reinterpret pc=0x000001f09cc2d440 method=java.lang.Double.compare(DD)I @ 11 c2
Event: 404.429 Thread 0x000001f0a7b53000 DEOPT PACKING pc=0x000001f09cc2d440 sp=0x000000162dbfe270
Event: 404.429 Thread 0x000001f0a7b53000 DEOPT UNPACKING pc=0x000001f094e2a1af sp=0x000000162dbfe100 mode 2
Event: 404.456 Thread 0x000001f0a7b53000 Uncommon trap: trap_request=0xffffff4d fr.pc=0x000001f09cc2d108 relative=0x0000000000000068
Event: 404.457 Thread 0x000001f0a7b53000 Uncommon trap: reason=unstable_if action=reinterpret pc=0x000001f09cc2d108 method=java.lang.Double.compare(DD)I @ 11 c2
Event: 404.457 Thread 0x000001f0a7b53000 DEOPT PACKING pc=0x000001f09cc2d108 sp=0x000000162dbfe1a0
Event: 404.459 Thread 0x000001f0a7b53000 DEOPT UNPACKING pc=0x000001f094e2a1af sp=0x000000162dbfe120 mode 2
Event: 404.569 Thread 0x000001f0a7b53000 DEOPT PACKING pc=0x000001f095cdf8d1 sp=0x000000162dbfe0b0
Event: 404.570 Thread 0x000001f0a7b53000 DEOPT UNPACKING pc=0x000001f094e2a95e sp=0x000000162dbfd558 mode 0
Event: 404.588 Thread 0x000001f0a7b53000 DEOPT PACKING pc=0x000001f095ce0051 sp=0x000000162dbfe0b0
Event: 404.589 Thread 0x000001f0a7b53000 DEOPT UNPACKING pc=0x000001f094e2a95e sp=0x000000162dbfd558 mode 0

Classes redefined (0 events):
No events

Internal exceptions (20 events):
Event: 21.470 Thread 0x000001f08fbfa800 Exception <a 'java/lang/NoSuchMethodError'{0x00000000e338b4a0}: 'java.lang.Object java.lang.invoke.DirectMethodHandle$Holder.invokeStatic(java.lang.Object, java.lang.Object, java.lang.Object, java.lang.Object, java.lang.Object, java.lang.Object, java.lang.Object, java.lang.Object, java.lang.Object, java.lang.Object, java.lang.Object, java.lang.Object, java.lang.Object, java.lang.Object, java.lang.Object)'> (0x00000000e338b4a0) thrown at [./src/hotspot/share/interpreter/linkResolver.cpp, line 773]
Event: 21.473 Thread 0x000001f08fbfa800 Exception <a 'java/lang/NoSuchMethodError'{0x00000000e3399238}: 'java.lang.Object java.lang.invoke.DirectMethodHandle$Holder.invokeStatic(java.lang.Object, java.lang.Object, java.lang.Object, java.lang.Object, java.lang.Object, java.lang.Object, java.lang.Object, java.lang.Object, java.lang.Object, java.lang.Object, java.lang.Object, java.lang.Object, java.lang.Object, java.lang.Object, java.lang.Object, java.lang.Object)'> (0x00000000e3399238) thrown at [./src/hotspot/share/interpreter/linkResolver.cpp, l
Event: 21.476 Thread 0x000001f08fbfa800 Exception <a 'java/lang/NoSuchMethodError'{0x00000000e33a7358}: 'java.lang.Object java.lang.invoke.DirectMethodHandle$Holder.invokeSpecial(java.lang.Object, java.lang.Object, int, int, java.lang.Object, java.lang.Object, java.lang.Object)'> (0x00000000e33a7358) thrown at [./src/hotspot/share/interpreter/linkResolver.cpp, line 773]
Event: 21.477 Thread 0x000001f08fbfa800 Exception <a 'java/lang/NoSuchMethodError'{0x00000000e33aa8e8}: 'java.lang.Object java.lang.invoke.DelegatingMethodHandle$Holder.reinvoke_L(java.lang.Object, int, int, java.lang.Object, java.lang.Object, java.lang.Object)'> (0x00000000e33aa8e8) thrown at [./src/hotspot/share/interpreter/linkResolver.cpp, line 773]
Event: 21.478 Thread 0x000001f08fbfa800 Exception <a 'java/lang/NoSuchMethodError'{0x00000000e33aec70}: 'java.lang.Object java.lang.invoke.DirectMethodHandle$Holder.invokeStatic(java.lang.Object, java.lang.Object, java.lang.Object, java.lang.Object, int)'> (0x00000000e33aec70) thrown at [./src/hotspot/share/interpreter/linkResolver.cpp, line 773]
Event: 23.823 Thread 0x000001f08fbfa800 Exception <a 'java/lang/ClassNotFoundException'{0x00000000e32ebe40}: com/sun/org/apache/xerces/internal/impl/xpath/regex/spi/messageProvider> (0x00000000e32ebe40) thrown at [./src/hotspot/share/classfile/systemDictionary.cpp, line 231]
Event: 28.995 Thread 0x000001f08fbfa800 Exception <a 'java/lang/NoSuchMethodError'{0x00000000e2f64188}: 'java.lang.Object java.lang.invoke.DirectMethodHandle$Holder.invokeVirtual(java.lang.Object, java.lang.Object, java.lang.Object, java.lang.Object)'> (0x00000000e2f64188) thrown at [./src/hotspot/share/interpreter/linkResolver.cpp, line 773]
Event: 34.947 Thread 0x000001f08fbfa800 Exception <a 'java/lang/NoSuchMethodError'{0x00000000e36c8ae8}: 'int java.lang.invoke.DirectMethodHandle$Holder.invokeVirtual(java.lang.Object, java.lang.Object, java.lang.Object)'> (0x00000000e36c8ae8) thrown at [./src/hotspot/share/interpreter/linkResolver.cpp, line 773]
Event: 34.948 Thread 0x000001f08fbfa800 Exception <a 'java/lang/NoSuchMethodError'{0x00000000e36cea50}: 'java.lang.Object java.lang.invoke.DirectMethodHandle$Holder.invokeVirtual(java.lang.Object, java.lang.Object, java.lang.Object)'> (0x00000000e36cea50) thrown at [./src/hotspot/share/interpreter/linkResolver.cpp, line 773]
Event: 84.415 Thread 0x000001f08fbfa800 Exception <a 'java/lang/NoSuchMethodError'{0x00000000e9b29e00}: 'void java.lang.invoke.DirectMethodHandle$Holder.invokeSpecial(java.lang.Object, java.lang.Object, java.lang.Object, java.lang.Object)'> (0x00000000e9b29e00) thrown at [./src/hotspot/share/interpreter/linkResolver.cpp, line 773]
Event: 88.024 Thread 0x000001f0a8e4f800 Exception <a 'java/lang/ClassNotFoundException'{0x00000000e943a580}: sun/util/logging/resources/spi/loggingProvider> (0x00000000e943a580) thrown at [./src/hotspot/share/classfile/systemDictionary.cpp, line 231]
Event: 347.581 Thread 0x000001f0a7b53000 Exception <a 'java/lang/NoSuchMethodError'{0x00000000e916d620}: 'int java.lang.invoke.DirectMethodHandle$Holder.invokeSpecialIFC(java.lang.Object, java.lang.Object, java.lang.Object, java.lang.Object)'> (0x00000000e916d620) thrown at [./src/hotspot/share/interpreter/linkResolver.cpp, line 773]
Event: 360.173 Thread 0x000001f0a7b53000 Exception <a 'java/lang/NoSuchMethodError'{0x00000000e8b51dc0}: 'java.lang.Object java.lang.invoke.DirectMethodHandle$Holder.invokeSpecial(java.lang.Object, java.lang.Object, int, int, int, int, int, int, java.lang.Object)'> (0x00000000e8b51dc0) thrown at [./src/hotspot/share/interpreter/linkResolver.cpp, line 773]
Event: 360.173 Thread 0x000001f0a7b53000 Exception <a 'java/lang/NoSuchMethodError'{0x00000000e8b55270}: 'java.lang.Object java.lang.invoke.DelegatingMethodHandle$Holder.reinvoke_L(java.lang.Object, int, int, int, int, int, int, java.lang.Object)'> (0x00000000e8b55270) thrown at [./src/hotspot/share/interpreter/linkResolver.cpp, line 773]
Event: 360.273 Thread 0x000001f0a7b53000 Exception <a 'java/lang/NoSuchMethodError'{0x00000000e8bd8e88}: 'java.lang.Object java.lang.invoke.DelegatingMethodHandle$Holder.reinvoke_L(java.lang.Object, int, int, int, int, java.lang.Object)'> (0x00000000e8bd8e88) thrown at [./src/hotspot/share/interpreter/linkResolver.cpp, line 773]
Event: 361.899 Thread 0x000001f0a7b53000 Exception <a 'java/lang/NoSuchMethodError'{0x00000000e89a9270}: 'java.lang.Object java.lang.invoke.DirectMethodHandle$Holder.invokeSpecial(java.lang.Object, java.lang.Object, int, int, int, int, int, java.lang.Object)'> (0x00000000e89a9270) thrown at [./src/hotspot/share/interpreter/linkResolver.cpp, line 773]
Event: 361.904 Thread 0x000001f0a7b53000 Exception <a 'java/lang/NoSuchMethodError'{0x00000000e89ac6b0}: 'java.lang.Object java.lang.invoke.DelegatingMethodHandle$Holder.reinvoke_L(java.lang.Object, int, int, int, int, int, java.lang.Object)'> (0x00000000e89ac6b0) thrown at [./src/hotspot/share/interpreter/linkResolver.cpp, line 773]
Event: 361.910 Thread 0x000001f0a7b53000 Exception <a 'java/lang/NoSuchMethodError'{0x00000000e89b3840}: 'java.lang.Object java.lang.invoke.DirectMethodHandle$Holder.invokeStatic(java.lang.Object, java.lang.Object, java.lang.Object, java.lang.Object, java.lang.Object, int)'> (0x00000000e89b3840) thrown at [./src/hotspot/share/interpreter/linkResolver.cpp, line 773]
Event: 403.039 Thread 0x000001f0a7b53000 Implicit null exception at 0x000001f09c956914 to 0x000001f09c956f80
Event: 403.040 Thread 0x000001f0a7b53000 Implicit null exception at 0x000001f09c913b94 to 0x000001f09c9141d0

Events (20 events):
Event: 404.067 Executing VM operation: RevokeBias
Event: 404.068 Executing VM operation: RevokeBias done
Event: 404.108 Executing VM operation: RevokeBias
Event: 404.111 Executing VM operation: RevokeBias done
Event: 404.175 Executing VM operation: RevokeBias
Event: 404.175 Executing VM operation: RevokeBias done
Event: 404.422 Executing VM operation: CGC_Operation
Event: 404.422 Executing VM operation: CGC_Operation done
Event: 405.212 Executing VM operation: G1CollectForAllocation
Event: 405.214 Executing VM operation: G1CollectForAllocation done
Event: 405.603 Executing VM operation: G1CollectForAllocation
Event: 405.685 Executing VM operation: G1CollectForAllocation done
Event: 405.713 Executing VM operation: G1CollectForAllocation
Event: 405.718 Executing VM operation: G1CollectForAllocation done
Event: 405.745 Executing VM operation: G1CollectForAllocation
Event: 405.747 Executing VM operation: G1CollectForAllocation done
Event: 406.129 Executing VM operation: G1CollectForAllocation
Event: 406.143 Executing VM operation: G1CollectForAllocation done
Event: 406.160 Executing VM operation: G1CollectForAllocation
Event: 406.164 Executing VM operation: G1CollectForAllocation done


Dynamic libraries:
0x00007ff7896e0000 - 0x00007ff7896ed000 	c:\Users\evely\.vscode\extensions\valentjn.vscode-ltex-13.1.0\lib\ltex-ls-15.2.0\jdk-11.0.12+7\bin\java.exe
0x00007ffa60ed0000 - 0x00007ffa610e4000 	C:\WINDOWS\SYSTEM32\ntdll.dll
0x00007ffa2cdd0000 - 0x00007ffa2cde9000 	C:\Program Files\Avast Software\Avast\aswhook.dll
0x00007ffa5fe50000 - 0x00007ffa5ff12000 	C:\WINDOWS\System32\KERNEL32.DLL
0x00007ffa5e2d0000 - 0x00007ffa5e673000 	C:\WINDOWS\System32\KERNELBASE.dll
0x00007ffa5e940000 - 0x00007ffa5ea51000 	C:\WINDOWS\System32\ucrtbase.dll
0x00007ffa3db60000 - 0x00007ffa3db77000 	c:\Users\evely\.vscode\extensions\valentjn.vscode-ltex-13.1.0\lib\ltex-ls-15.2.0\jdk-11.0.12+7\bin\jli.dll
0x00007ffa5ee40000 - 0x00007ffa5efeb000 	C:\WINDOWS\System32\USER32.dll
0x00007ffa5e680000 - 0x00007ffa5e6a6000 	C:\WINDOWS\System32\win32u.dll
0x00007ffa5f4f0000 - 0x00007ffa5f519000 	C:\WINDOWS\System32\GDI32.dll
0x00007ffa5e6b0000 - 0x00007ffa5e7c9000 	C:\WINDOWS\System32\gdi32full.dll
0x00007ffa5eb20000 - 0x00007ffa5ebba000 	C:\WINDOWS\System32\msvcp_win.dll
0x00007ffa3cfc0000 - 0x00007ffa3cfd5000 	c:\Users\evely\.vscode\extensions\valentjn.vscode-ltex-13.1.0\lib\ltex-ls-15.2.0\jdk-11.0.12+7\bin\VCRUNTIME140.dll
0x00007ffa4b390000 - 0x00007ffa4b61e000 	C:\WINDOWS\WinSxS\amd64_microsoft.windows.common-controls_6595b64144ccf1df_6.0.22621.1635_none_270f70857386168e\COMCTL32.dll
0x00007ffa5f270000 - 0x00007ffa5f317000 	C:\WINDOWS\System32\msvcrt.dll
0x00007ffa60d30000 - 0x00007ffa60d61000 	C:\WINDOWS\System32\IMM32.DLL
0x00007ffa19640000 - 0x00007ffa196db000 	c:\Users\evely\.vscode\extensions\valentjn.vscode-ltex-13.1.0\lib\ltex-ls-15.2.0\jdk-11.0.12+7\bin\msvcp140.dll
0x00007ff9b9080000 - 0x00007ff9b9bd9000 	c:\Users\evely\.vscode\extensions\valentjn.vscode-ltex-13.1.0\lib\ltex-ls-15.2.0\jdk-11.0.12+7\bin\server\jvm.dll
0x00007ffa5f1c0000 - 0x00007ffa5f26e000 	C:\WINDOWS\System32\ADVAPI32.dll
0x00007ffa5fd90000 - 0x00007ffa5fe34000 	C:\WINDOWS\System32\sechost.dll
0x00007ffa5f380000 - 0x00007ffa5f497000 	C:\WINDOWS\System32\RPCRT4.dll
0x00007ffa5f900000 - 0x00007ffa5f908000 	C:\WINDOWS\System32\PSAPI.DLL
0x00007ffa432d0000 - 0x00007ffa432d9000 	C:\WINDOWS\SYSTEM32\WSOCK32.dll
0x00007ffa5ff20000 - 0x00007ffa5ff91000 	C:\WINDOWS\System32\WS2_32.dll
0x00007ffa56880000 - 0x00007ffa568b4000 	C:\WINDOWS\SYSTEM32\WINMM.dll
0x00007ffa564f0000 - 0x00007ffa564fa000 	C:\WINDOWS\SYSTEM32\VERSION.dll
0x00007ffa5d320000 - 0x00007ffa5d338000 	C:\WINDOWS\SYSTEM32\kernel.appcore.dll
0x00007ffa38670000 - 0x00007ffa38680000 	c:\Users\evely\.vscode\extensions\valentjn.vscode-ltex-13.1.0\lib\ltex-ls-15.2.0\jdk-11.0.12+7\bin\verify.dll
0x00007ffa48c10000 - 0x00007ffa48e3e000 	C:\WINDOWS\SYSTEM32\DBGHELP.DLL
0x00007ffa608a0000 - 0x00007ffa60c29000 	C:\WINDOWS\System32\combase.dll
0x00007ffa5ecb0000 - 0x00007ffa5ed87000 	C:\WINDOWS\System32\OLEAUT32.dll
0x00007ffa47be0000 - 0x00007ffa47c12000 	C:\WINDOWS\SYSTEM32\dbgcore.DLL
0x00007ffa5ec30000 - 0x00007ffa5ecab000 	C:\WINDOWS\System32\bcryptPrimitives.dll
0x00007ffa31860000 - 0x00007ffa31888000 	c:\Users\evely\.vscode\extensions\valentjn.vscode-ltex-13.1.0\lib\ltex-ls-15.2.0\jdk-11.0.12+7\bin\java.dll
0x00007ffa38660000 - 0x00007ffa3866a000 	c:\Users\evely\.vscode\extensions\valentjn.vscode-ltex-13.1.0\lib\ltex-ls-15.2.0\jdk-11.0.12+7\bin\jimage.dll
0x00007ffa1f600000 - 0x00007ffa1f617000 	c:\Users\evely\.vscode\extensions\valentjn.vscode-ltex-13.1.0\lib\ltex-ls-15.2.0\jdk-11.0.12+7\bin\zip.dll
0x00007ffa600a0000 - 0x00007ffa6089a000 	C:\WINDOWS\System32\SHELL32.dll
0x00007ffa5c2d0000 - 0x00007ffa5cb9e000 	C:\WINDOWS\SYSTEM32\windows.storage.dll
0x00007ffa5c190000 - 0x00007ffa5c2ce000 	C:\WINDOWS\SYSTEM32\wintypes.dll
0x00007ffa60c30000 - 0x00007ffa60d21000 	C:\WINDOWS\System32\SHCORE.dll
0x00007ffa5f320000 - 0x00007ffa5f37e000 	C:\WINDOWS\System32\shlwapi.dll
0x00007ffa5e200000 - 0x00007ffa5e221000 	C:\WINDOWS\SYSTEM32\profapi.dll
0x00007ffa197b0000 - 0x00007ffa197c9000 	C:\Users\evely\.vscode\extensions\valentjn.vscode-ltex-13.1.0\lib\ltex-ls-15.2.0\jdk-11.0.12+7\bin\net.dll
0x00007ffa55fa0000 - 0x00007ffa560d7000 	C:\WINDOWS\SYSTEM32\WINHTTP.dll
0x00007ffa5d790000 - 0x00007ffa5d7f9000 	C:\WINDOWS\system32\mswsock.dll
0x00007ffa19760000 - 0x00007ffa19772000 	C:\Users\evely\.vscode\extensions\valentjn.vscode-ltex-13.1.0\lib\ltex-ls-15.2.0\jdk-11.0.12+7\bin\nio.dll
0x0000000069ac0000 - 0x0000000069ae4000 	C:\Users\evely\AppData\Local\Temp\jansi-2.4.0-5f5847e6a35fb804-jansi.dll

dbghelp: loaded successfully - version: 4.0.5 - missing functions: none
symbol engine: initialized successfully - sym options: 0x614 - pdb path: .;c:\Users\evely\.vscode\extensions\valentjn.vscode-ltex-13.1.0\lib\ltex-ls-15.2.0\jdk-11.0.12+7\bin;C:\WINDOWS\SYSTEM32;C:\Program Files\Avast Software\Avast;C:\WINDOWS\WinSxS\amd64_microsoft.windows.common-controls_6595b64144ccf1df_6.0.22621.1635_none_270f70857386168e;c:\Users\evely\.vscode\extensions\valentjn.vscode-ltex-13.1.0\lib\ltex-ls-15.2.0\jdk-11.0.12+7\bin\server;C:\Users\evely\AppData\Local\Temp

VM Arguments:
jvm_args: -Xms64m -Xmx512m -Dapp.name=ltex-ls -Dapp.repo=c:\Users\evely\.vscode\extensions\valentjn.vscode-ltex-13.1.0\lib\ltex-ls-15.2.0\lib -Dapp.home=c:\Users\evely\.vscode\extensions\valentjn.vscode-ltex-13.1.0\lib\ltex-ls-15.2.0 -Dbasedir=c:\Users\evely\.vscode\extensions\valentjn.vscode-ltex-13.1.0\lib\ltex-ls-15.2.0 
java_command: org.bsplines.ltexls.LtexLanguageServerLauncher
java_class_path (initial): c:\Users\evely\.vscode\extensions\valentjn.vscode-ltex-13.1.0\lib\ltex-ls-15.2.0\etc;c:\Users\evely\.vscode\extensions\valentjn.vscode-ltex-13.1.0\lib\ltex-ls-15.2.0\lib\aho-corasick-double-array-trie-1.2.2.jar;c:\Users\evely\.vscode\extensions\valentjn.vscode-ltex-13.1.0\lib\ltex-ls-15.2.0\lib\animal-sniffer-annotations-1.17.jar;c:\Users\evely\.vscode\extensions\valentjn.vscode-ltex-13.1.0\lib\ltex-ls-15.2.0\lib\annotations-12.0.jar;c:\Users\evely\.vscode\extensions\valentjn.vscode-ltex-13.1.0\lib\ltex-ls-15.2.0\lib\annotations-13.0.jar;c:\Users\evely\.vscode\extensions\valentjn.vscode-ltex-13.1.0\lib\ltex-ls-15.2.0\lib\annotations-20.1.0.jar;c:\Users\evely\.vscode\extensions\valentjn.vscode-ltex-13.1.0\lib\ltex-ls-15.2.0\lib\annotations-4.1.1.4.jar;c:\Users\evely\.vscode\extensions\valentjn.vscode-ltex-13.1.0\lib\ltex-ls-15.2.0\lib\bridj-0.7.0.jar;c:\Users\evely\.vscode\extensions\valentjn.vscode-ltex-13.1.0\lib\ltex-ls-15.2.0\lib\catalan-pos-dict-2.16.jar;c:\Users\evely\.vscode\extensions\valentjn.vscode-ltex-13.1.0\lib\ltex-ls-15.2.0\lib\checker-qual-2.5.2.jar;c:\Users\evely\.vscode\extensions\valentjn.vscode-ltex-13.1.0\lib\ltex-ls-15.2.0\lib\checker-qual-3.5.0.jar;c:\Users\evely\.vscode\extensions\valentjn.vscode-ltex-13.1.0\lib\ltex-ls-15.2.0\lib\cjftransform-1.0.1.jar;c:\Users\evely\.vscode\extensions\valentjn.vscode-ltex-13.1.0\lib\ltex-ls-15.2.0\lib\commons-lang3-3.11.jar;c:\Users\evely\.vscode\extensions\valentjn.vscode-ltex-13.1.0\lib\ltex-ls-15.2.0\lib\commons-logging-1.2.jar;c:\Users\evely\.vscode\extensions\valentjn.vscode-ltex-13.1.0\lib\ltex-ls-15.2.0\lib\commons-pool2-2.9.0.jar;c:\Users\evely\.vscode\extensions\valentjn.vscode-ltex-13.1.0\lib\ltex-ls-15.2.0\lib\commons-text-1.9.jar;c:\Users\evely\.vscode\extensions\valentjn.vscode-ltex-13.1.0\lib\ltex-ls-15.2.0\lib\dx-1.7.jar;c:\Users\evely\.vscode\extensions\valentjn.vscode-ltex-13.1.0\lib\ltex-ls-15.2.0\lib\emoji-java-5.1.1.jar;c:\Users\evely\.vscode\extensions\valent
Launcher Type: SUN_STANDARD

[Global flags]
     intx CICompilerCount                          = 2                                         {product} {ergonomic}
     uint ConcGCThreads                            = 1                                         {product} {ergonomic}
     uint G1ConcRefinementThreads                  = 2                                         {product} {ergonomic}
   size_t G1HeapRegionSize                         = 1048576                                   {product} {ergonomic}
    uintx GCDrainStackTargetSize                   = 64                                        {product} {ergonomic}
   size_t InitialHeapSize                          = 67108864                                  {product} {command line}
   size_t MarkStackSize                            = 4194304                                   {product} {ergonomic}
   size_t MaxHeapSize                              = 536870912                                 {product} {command line}
   size_t MaxNewSize                               = 321912832                                 {product} {ergonomic}
   size_t MinHeapDeltaBytes                        = 1048576                                   {product} {ergonomic}
    uintx NonNMethodCodeHeapSize                   = 5825164                                {pd product} {ergonomic}
    uintx NonProfiledCodeHeapSize                  = 122916538                              {pd product} {ergonomic}
    uintx ProfiledCodeHeapSize                     = 122916538                              {pd product} {ergonomic}
    uintx ReservedCodeCacheSize                    = 251658240                              {pd product} {ergonomic}
     bool SegmentedCodeCache                       = true                                      {product} {ergonomic}
     bool UseCompressedClassPointers               = true                                 {lp64_product} {ergonomic}
     bool UseCompressedOops                        = true                                 {lp64_product} {ergonomic}
     bool UseG1GC                                  = true                                      {product} {ergonomic}
     bool UseLargePagesIndividualAllocation        = false                                  {pd product} {ergonomic}

Logging:
Log output configuration:
 #0: stdout all=warning uptime,level,tags
 #1: stderr all=off uptime,level,tags

Environment Variables:
JAVA_HOME=c:\Users\evely\.vscode\extensions\valentjn.vscode-ltex-13.1.0\lib\ltex-ls-15.2.0\jdk-11.0.12+7
CLASSPATH="c:\Users\evely\.vscode\extensions\valentjn.vscode-ltex-13.1.0\lib\ltex-ls-15.2.0"\etc;"c:\Users\evely\.vscode\extensions\valentjn.vscode-ltex-13.1.0\lib\ltex-ls-15.2.0\lib"\*
PATH=C:\Users\evely\AppData\Local\Programs\Python\Python311\Scripts\;C:\Users\evely\AppData\Local\Programs\Python\Python311\;C:\WINDOWS\system32;C:\WINDOWS;C:\WINDOWS\System32\Wbem;C:\WINDOWS\System32\WindowsPowerShell\v1.0\;C:\WINDOWS\System32\OpenSSH\;C:\Program Files\nodejs\;C:\ProgramData\chocolatey\bin;C:\Program Files\Git\cmd;C:\Program Files\PowerShell\7\;C:\Program Files\MySQL\MySQL Shell 8.0\bin\;C:\Users\evely\AppData\Local\Programs\Python\Python312\Scripts\;C:\Users\evely\AppData\Local\Programs\Python\Python312\;C:\Users\evely\AppData\Local\Programs\Python\Python311\Scripts\;C:\Users\evely\AppData\Local\Programs\Python\Python311\;C:\Users\evely\AppData\Local\Microsoft\WindowsApps;C:\Users\evely\AppData\Local\Programs\Microsoft VS Code\bin;C:\Users\evely\AppData\Local\GitHubDesktop\bin;C:\Dart sdk\dart-sdk\bin;C:\Users\evely\AppData\Roaming\npm
USERNAME=evely
OS=Windows_NT
PROCESSOR_IDENTIFIER=AMD64 Family 23 Model 32 Stepping 1, AuthenticAMD



---------------  S Y S T E M  ---------------

OS: Windows 10 , 64 bit Build 22621 (10.0.22621.1778)
OS uptime: 2 days 1:02 hours

CPU:total 2 (initial active 2) (2 cores per cpu, 1 threads per core) family 23 model 32 stepping 1 microcode 0x0, cmov, cx8, fxsr, mmx, sse, sse2, sse3, ssse3, sse4.1, sse4.2, popcnt, avx, avx2, aes, clmul, mmxext, 3dnowpref, lzcnt, sse4a, tsc, tscinvbit, tscinv, bmi1, bmi2, adx, sha, fma

Memory: 4k page, system-wide physical 3499M (78M free)
TotalPageFile size 14251M (AvailPageFile size 8M)
current process WorkingSet (physical memory assigned to process): 213M, peak: 213M
current process commit charge ("private bytes"): 289M, peak: 292M

vm_info: OpenJDK 64-Bit Server VM (11.0.12+7) for windows-amd64 JRE (11.0.12+7), built on Jul 21 2021 16:23:49 by "" with unknown MS VC++:1916

END.
